2022-04-21 17:11:25.843  INFO 4701 --- [restartedMain] t.h.c.CovidTrackerApplication            : Starting CovidTrackerApplication using Java 11.0.14.1 on diogo-Legion with PID 4701 (/home/diogo/Desktop/TQS/HW1/api/target/classes started by diogo in /home/diogo/Desktop/TQS/HW1/api)
2022-04-21 17:11:25.849  INFO 4701 --- [restartedMain] t.h.c.CovidTrackerApplication            : No active profile set, falling back to 1 default profile: "default"
2022-04-21 17:11:25.909  INFO 4701 --- [restartedMain] .e.DevToolsPropertyDefaultsPostProcessor : Devtools property defaults active! Set 'spring.devtools.add-properties' to 'false' to disable
2022-04-21 17:11:25.910  INFO 4701 --- [restartedMain] .e.DevToolsPropertyDefaultsPostProcessor : For additional web related logging consider setting the 'logging.level.web' property to 'DEBUG'
2022-04-21 17:11:26.624  INFO 4701 --- [restartedMain] o.s.b.w.embedded.tomcat.TomcatWebServer  : Tomcat initialized with port(s): 8080 (http)
2022-04-21 17:11:26.630  INFO 4701 --- [restartedMain] o.apache.catalina.core.StandardService   : Starting service [Tomcat]
2022-04-21 17:11:26.630  INFO 4701 --- [restartedMain] org.apache.catalina.core.StandardEngine  : Starting Servlet engine: [Apache Tomcat/9.0.60]
2022-04-21 17:11:26.671  INFO 4701 --- [restartedMain] o.a.c.c.C.[Tomcat].[localhost].[/]       : Initializing Spring embedded WebApplicationContext
2022-04-21 17:11:26.671  INFO 4701 --- [restartedMain] w.s.c.ServletWebServerApplicationContext : Root WebApplicationContext: initialization completed in 761 ms
2022-04-21 17:11:26.832  INFO 4701 --- [restartedMain] o.s.b.d.a.OptionalLiveReloadServer       : LiveReload server is running on port 35729
2022-04-21 17:11:26.847  INFO 4701 --- [restartedMain] o.s.b.w.embedded.tomcat.TomcatWebServer  : Tomcat started on port(s): 8080 (http) with context path ''
2022-04-21 17:11:26.854  INFO 4701 --- [restartedMain] t.h.c.CovidTrackerApplication            : Started CovidTrackerApplication in 1.368 seconds (JVM running for 1.797)
2022-04-21 17:12:13.030  INFO 4701 --- [http-nio-8080-exec-1] o.a.c.c.C.[Tomcat].[localhost].[/]       : Initializing Spring DispatcherServlet 'dispatcherServlet'
2022-04-21 17:12:13.030  INFO 4701 --- [http-nio-8080-exec-1] o.s.web.servlet.DispatcherServlet        : Initializing Servlet 'dispatcherServlet'
2022-04-21 17:12:13.031  INFO 4701 --- [http-nio-8080-exec-1] o.s.web.servlet.DispatcherServlet        : Completed initialization in 1 ms
2022-04-21 17:12:13.041  INFO 4701 --- [http-nio-8080-exec-1] t.hw.covidtracker.TrackerRestController  : GET request for /regions
2022-04-21 17:12:13.939  INFO 4701 --- [http-nio-8080-exec-2] t.hw.covidtracker.TrackerRestController  : GET request for /incidence
2022-04-21 17:15:03.739  INFO 4701 --- [http-nio-8080-exec-4] t.hw.covidtracker.TrackerRestController  : GET request for /regions
2022-04-21 17:15:03.985  INFO 4701 --- [http-nio-8080-exec-6] t.hw.covidtracker.TrackerRestController  : GET request for /incidence
2022-04-21 17:15:54.229  INFO 4701 --- [http-nio-8080-exec-8] t.hw.covidtracker.TrackerRestController  : GET request for /regions
2022-04-21 17:15:54.600  INFO 4701 --- [http-nio-8080-exec-10] t.hw.covidtracker.TrackerRestController  : GET request for /incidence
2022-04-21 17:16:02.281  INFO 4701 --- [http-nio-8080-exec-2] t.hw.covidtracker.TrackerRestController  : GET request for /regions
2022-04-21 17:16:02.286  INFO 4701 --- [http-nio-8080-exec-4] t.hw.covidtracker.TrackerRestController  : GET request for /incidence
2022-04-21 17:16:48.197  INFO 4701 --- [http-nio-8080-exec-6] t.hw.covidtracker.TrackerRestController  : GET request for /regions
2022-04-21 17:16:48.474  INFO 4701 --- [http-nio-8080-exec-8] t.hw.covidtracker.TrackerRestController  : GET request for /incidence
2022-04-21 17:17:43.054  INFO 4701 --- [http-nio-8080-exec-10] t.hw.covidtracker.TrackerRestController  : GET request for /regions
2022-04-21 17:17:43.369  INFO 4701 --- [http-nio-8080-exec-2] t.hw.covidtracker.TrackerRestController  : GET request for /incidence
2022-04-21 17:18:08.851  INFO 4701 --- [http-nio-8080-exec-4] t.hw.covidtracker.TrackerRestController  : GET request for /regions
2022-04-21 17:18:09.092  INFO 4701 --- [http-nio-8080-exec-6] t.hw.covidtracker.TrackerRestController  : GET request for /incidence
2022-04-21 17:18:32.577  INFO 4701 --- [http-nio-8080-exec-8] t.hw.covidtracker.TrackerRestController  : GET request for /regions
2022-04-21 17:18:32.893  INFO 4701 --- [http-nio-8080-exec-10] t.hw.covidtracker.TrackerRestController  : GET request for /incidence
2022-04-21 17:18:55.047  INFO 4701 --- [http-nio-8080-exec-2] t.hw.covidtracker.TrackerRestController  : GET request for /regions
2022-04-21 17:18:55.279  INFO 4701 --- [http-nio-8080-exec-4] t.hw.covidtracker.TrackerRestController  : GET request for /incidence
2022-04-21 17:22:06.675  INFO 4701 --- [http-nio-8080-exec-6] t.hw.covidtracker.TrackerRestController  : GET request for /regions
2022-04-21 17:22:06.995  INFO 4701 --- [http-nio-8080-exec-8] t.hw.covidtracker.TrackerRestController  : GET request for /incidence
2022-04-21 17:23:50.231  INFO 4701 --- [http-nio-8080-exec-10] t.hw.covidtracker.TrackerRestController  : GET request for /regions
2022-04-21 17:23:50.558  INFO 4701 --- [http-nio-8080-exec-2] t.hw.covidtracker.TrackerRestController  : GET request for /incidence
2022-04-21 17:24:08.004  INFO 4701 --- [http-nio-8080-exec-4] t.hw.covidtracker.TrackerRestController  : GET request for /regions
2022-04-21 17:24:08.016  INFO 4701 --- [http-nio-8080-exec-6] t.hw.covidtracker.TrackerRestController  : GET request for /incidence
2022-04-21 17:25:15.928  INFO 4701 --- [http-nio-8080-exec-8] t.hw.covidtracker.TrackerRestController  : GET request for /regions
2022-04-21 17:25:16.193  INFO 4701 --- [http-nio-8080-exec-10] t.hw.covidtracker.TrackerRestController  : GET request for /incidence
2022-04-21 17:25:44.911  INFO 4701 --- [http-nio-8080-exec-2] t.hw.covidtracker.TrackerRestController  : GET request for /regions
2022-04-21 17:25:45.150  INFO 4701 --- [http-nio-8080-exec-4] t.hw.covidtracker.TrackerRestController  : GET request for /incidence
2022-04-21 17:31:20.829  INFO 4701 --- [http-nio-8080-exec-6] t.hw.covidtracker.TrackerRestController  : GET request for /regions
2022-04-21 17:31:21.151  INFO 4701 --- [http-nio-8080-exec-8] t.hw.covidtracker.TrackerRestController  : GET request for /incidence
2022-04-21 17:31:22.835  INFO 4701 --- [http-nio-8080-exec-10] t.hw.covidtracker.TrackerRestController  : GET request for /regions
2022-04-21 17:31:22.848  INFO 4701 --- [http-nio-8080-exec-2] t.hw.covidtracker.TrackerRestController  : GET request for /incidence
2022-04-21 17:31:23.924  INFO 4701 --- [http-nio-8080-exec-4] t.hw.covidtracker.TrackerRestController  : GET request for /regions
2022-04-21 17:31:23.931  INFO 4701 --- [http-nio-8080-exec-6] t.hw.covidtracker.TrackerRestController  : GET request for /incidence
2022-04-21 17:31:24.999  INFO 4701 --- [http-nio-8080-exec-8] t.hw.covidtracker.TrackerRestController  : GET request for /regions
2022-04-21 17:31:25.012  INFO 4701 --- [http-nio-8080-exec-10] t.hw.covidtracker.TrackerRestController  : GET request for /incidence
2022-04-21 17:31:26.351  INFO 4701 --- [http-nio-8080-exec-2] t.hw.covidtracker.TrackerRestController  : GET request for /regions
2022-04-21 17:31:26.353  INFO 4701 --- [http-nio-8080-exec-4] t.hw.covidtracker.TrackerRestController  : GET request for /incidence
2022-04-21 17:31:28.027  INFO 4701 --- [http-nio-8080-exec-6] t.hw.covidtracker.TrackerRestController  : GET request for /regions
2022-04-21 17:31:28.040  INFO 4701 --- [http-nio-8080-exec-8] t.hw.covidtracker.TrackerRestController  : GET request for /incidence
2022-04-21 17:31:30.108  INFO 4701 --- [http-nio-8080-exec-10] t.hw.covidtracker.TrackerRestController  : GET request for /regions
2022-04-21 17:31:30.114  INFO 4701 --- [http-nio-8080-exec-2] t.hw.covidtracker.TrackerRestController  : GET request for /incidence
2022-04-21 17:31:30.851  INFO 4701 --- [http-nio-8080-exec-4] t.hw.covidtracker.TrackerRestController  : GET request for /regions
2022-04-21 17:31:30.863  INFO 4701 --- [http-nio-8080-exec-6] t.hw.covidtracker.TrackerRestController  : GET request for /incidence
2022-04-21 17:31:31.967  INFO 4701 --- [http-nio-8080-exec-8] t.hw.covidtracker.TrackerRestController  : GET request for /regions
2022-04-21 17:31:31.972  INFO 4701 --- [http-nio-8080-exec-10] t.hw.covidtracker.TrackerRestController  : GET request for /incidence
2022-04-21 17:31:33.854  INFO 4701 --- [http-nio-8080-exec-2] t.hw.covidtracker.TrackerRestController  : GET request for /regions
2022-04-21 17:31:33.862  INFO 4701 --- [http-nio-8080-exec-4] t.hw.covidtracker.TrackerRestController  : GET request for /incidence
2022-04-21 18:13:03.652  INFO 4701 --- [restartedMain] t.h.c.CovidTrackerApplication            : Starting CovidTrackerApplication using Java 11.0.14.1 on diogo-Legion with PID 4701 (/home/diogo/Desktop/TQS/HW1/api/target/classes started by diogo in /home/diogo/Desktop/TQS/HW1/api)
2022-04-21 18:13:03.653  INFO 4701 --- [restartedMain] t.h.c.CovidTrackerApplication            : No active profile set, falling back to 1 default profile: "default"
2022-04-21 18:13:03.851  INFO 4701 --- [restartedMain] o.s.b.w.embedded.tomcat.TomcatWebServer  : Tomcat initialized with port(s): 8080 (http)
2022-04-21 18:13:03.851  INFO 4701 --- [restartedMain] o.apache.catalina.core.StandardService   : Starting service [Tomcat]
2022-04-21 18:13:03.851  INFO 4701 --- [restartedMain] org.apache.catalina.core.StandardEngine  : Starting Servlet engine: [Apache Tomcat/9.0.60]
2022-04-21 18:13:03.856  INFO 4701 --- [restartedMain] o.a.c.c.C.[Tomcat].[localhost].[/]       : Initializing Spring embedded WebApplicationContext
2022-04-21 18:13:03.856  INFO 4701 --- [restartedMain] w.s.c.ServletWebServerApplicationContext : Root WebApplicationContext: initialization completed in 198 ms
2022-04-21 18:13:03.899  INFO 4701 --- [restartedMain] o.s.b.d.a.OptionalLiveReloadServer       : LiveReload server is running on port 35729
2022-04-21 18:13:03.903  INFO 4701 --- [restartedMain] o.s.b.w.embedded.tomcat.TomcatWebServer  : Tomcat started on port(s): 8080 (http) with context path ''
2022-04-21 18:13:03.905  INFO 4701 --- [restartedMain] t.h.c.CovidTrackerApplication            : Started CovidTrackerApplication in 0.319 seconds (JVM running for 3698.848)
2022-04-21 18:13:03.906  INFO 4701 --- [restartedMain] .ConditionEvaluationDeltaLoggingListener : Condition evaluation unchanged
2022-04-21 18:13:05.428  INFO 4701 --- [restartedMain] t.h.c.CovidTrackerApplication            : Starting CovidTrackerApplication using Java 11.0.14.1 on diogo-Legion with PID 4701 (/home/diogo/Desktop/TQS/HW1/api/target/classes started by diogo in /home/diogo/Desktop/TQS/HW1/api)
2022-04-21 18:13:05.429  INFO 4701 --- [restartedMain] t.h.c.CovidTrackerApplication            : No active profile set, falling back to 1 default profile: "default"
2022-04-21 18:13:05.590  INFO 4701 --- [restartedMain] o.s.b.w.embedded.tomcat.TomcatWebServer  : Tomcat initialized with port(s): 8080 (http)
2022-04-21 18:13:05.592  INFO 4701 --- [restartedMain] o.apache.catalina.core.StandardService   : Starting service [Tomcat]
2022-04-21 18:13:05.592  INFO 4701 --- [restartedMain] org.apache.catalina.core.StandardEngine  : Starting Servlet engine: [Apache Tomcat/9.0.60]
2022-04-21 18:13:05.606  INFO 4701 --- [restartedMain] o.a.c.c.C.[Tomcat].[localhost].[/]       : Initializing Spring embedded WebApplicationContext
2022-04-21 18:13:05.607  INFO 4701 --- [restartedMain] w.s.c.ServletWebServerApplicationContext : Root WebApplicationContext: initialization completed in 173 ms
2022-04-21 18:13:05.695  INFO 4701 --- [restartedMain] o.s.b.d.a.OptionalLiveReloadServer       : LiveReload server is running on port 35729
2022-04-21 18:13:05.699  INFO 4701 --- [restartedMain] o.s.b.w.embedded.tomcat.TomcatWebServer  : Tomcat started on port(s): 8080 (http) with context path ''
2022-04-21 18:13:05.702  INFO 4701 --- [restartedMain] t.h.c.CovidTrackerApplication            : Started CovidTrackerApplication in 0.325 seconds (JVM running for 3700.645)
2022-04-21 18:13:05.703  INFO 4701 --- [restartedMain] .ConditionEvaluationDeltaLoggingListener : Condition evaluation unchanged
2022-04-21 18:18:18.484  INFO 4701 --- [restartedMain] t.h.c.CovidTrackerApplication            : Starting CovidTrackerApplication using Java 11.0.14.1 on diogo-Legion with PID 4701 (/home/diogo/Desktop/TQS/HW1/api/target/classes started by diogo in /home/diogo/Desktop/TQS/HW1/api)
2022-04-21 18:18:18.484  INFO 4701 --- [restartedMain] t.h.c.CovidTrackerApplication            : No active profile set, falling back to 1 default profile: "default"
2022-04-21 18:18:18.582  INFO 4701 --- [restartedMain] o.s.b.w.embedded.tomcat.TomcatWebServer  : Tomcat initialized with port(s): 8080 (http)
2022-04-21 18:18:18.582  INFO 4701 --- [restartedMain] o.apache.catalina.core.StandardService   : Starting service [Tomcat]
2022-04-21 18:18:18.583  INFO 4701 --- [restartedMain] org.apache.catalina.core.StandardEngine  : Starting Servlet engine: [Apache Tomcat/9.0.60]
2022-04-21 18:18:18.586  INFO 4701 --- [restartedMain] o.a.c.c.C.[Tomcat].[localhost].[/]       : Initializing Spring embedded WebApplicationContext
2022-04-21 18:18:18.586  INFO 4701 --- [restartedMain] w.s.c.ServletWebServerApplicationContext : Root WebApplicationContext: initialization completed in 100 ms
2022-04-21 18:18:18.625  INFO 4701 --- [restartedMain] o.s.b.d.a.OptionalLiveReloadServer       : LiveReload server is running on port 35729
2022-04-21 18:18:18.628  INFO 4701 --- [restartedMain] o.s.b.w.embedded.tomcat.TomcatWebServer  : Tomcat started on port(s): 8080 (http) with context path ''
2022-04-21 18:18:18.631  INFO 4701 --- [restartedMain] t.h.c.CovidTrackerApplication            : Started CovidTrackerApplication in 0.191 seconds (JVM running for 4013.574)
2022-04-21 18:18:18.632  INFO 4701 --- [restartedMain] .ConditionEvaluationDeltaLoggingListener : Condition evaluation unchanged
2022-04-21 18:18:55.191  INFO 4701 --- [restartedMain] t.h.c.CovidTrackerApplication            : Starting CovidTrackerApplication using Java 11.0.14.1 on diogo-Legion with PID 4701 (/home/diogo/Desktop/TQS/HW1/api/target/classes started by diogo in /home/diogo/Desktop/TQS/HW1/api)
2022-04-21 18:18:55.192  INFO 4701 --- [restartedMain] t.h.c.CovidTrackerApplication            : No active profile set, falling back to 1 default profile: "default"
2022-04-21 18:18:55.291  INFO 4701 --- [restartedMain] o.s.b.w.embedded.tomcat.TomcatWebServer  : Tomcat initialized with port(s): 8080 (http)
2022-04-21 18:18:55.292  INFO 4701 --- [restartedMain] o.apache.catalina.core.StandardService   : Starting service [Tomcat]
2022-04-21 18:18:55.292  INFO 4701 --- [restartedMain] org.apache.catalina.core.StandardEngine  : Starting Servlet engine: [Apache Tomcat/9.0.60]
2022-04-21 18:18:55.295  INFO 4701 --- [restartedMain] o.a.c.c.C.[Tomcat].[localhost].[/]       : Initializing Spring embedded WebApplicationContext
2022-04-21 18:18:55.295  INFO 4701 --- [restartedMain] w.s.c.ServletWebServerApplicationContext : Root WebApplicationContext: initialization completed in 100 ms
2022-04-21 18:18:55.331  INFO 4701 --- [restartedMain] o.s.b.d.a.OptionalLiveReloadServer       : LiveReload server is running on port 35729
2022-04-21 18:18:55.335  INFO 4701 --- [restartedMain] o.s.b.w.embedded.tomcat.TomcatWebServer  : Tomcat started on port(s): 8080 (http) with context path ''
2022-04-21 18:18:55.338  INFO 4701 --- [restartedMain] t.h.c.CovidTrackerApplication            : Started CovidTrackerApplication in 0.199 seconds (JVM running for 4050.281)
2022-04-21 18:18:55.338  INFO 4701 --- [restartedMain] .ConditionEvaluationDeltaLoggingListener : Condition evaluation unchanged
2022-04-21 18:19:12.888  INFO 4701 --- [restartedMain] t.h.c.CovidTrackerApplication            : Starting CovidTrackerApplication using Java 11.0.14.1 on diogo-Legion with PID 4701 (/home/diogo/Desktop/TQS/HW1/api/target/classes started by diogo in /home/diogo/Desktop/TQS/HW1/api)
2022-04-21 18:19:12.889  INFO 4701 --- [restartedMain] t.h.c.CovidTrackerApplication            : No active profile set, falling back to 1 default profile: "default"
2022-04-21 18:19:13.067  INFO 4701 --- [restartedMain] o.s.b.w.embedded.tomcat.TomcatWebServer  : Tomcat initialized with port(s): 8080 (http)
2022-04-21 18:19:13.067  INFO 4701 --- [restartedMain] o.apache.catalina.core.StandardService   : Starting service [Tomcat]
2022-04-21 18:19:13.067  INFO 4701 --- [restartedMain] org.apache.catalina.core.StandardEngine  : Starting Servlet engine: [Apache Tomcat/9.0.60]
2022-04-21 18:19:13.072  INFO 4701 --- [restartedMain] o.a.c.c.C.[Tomcat].[localhost].[/]       : Initializing Spring embedded WebApplicationContext
2022-04-21 18:19:13.072  INFO 4701 --- [restartedMain] w.s.c.ServletWebServerApplicationContext : Root WebApplicationContext: initialization completed in 178 ms
2022-04-21 18:19:13.104  INFO 4701 --- [restartedMain] o.s.b.d.a.OptionalLiveReloadServer       : LiveReload server is running on port 35729
2022-04-21 18:19:13.107  INFO 4701 --- [restartedMain] o.s.b.w.embedded.tomcat.TomcatWebServer  : Tomcat started on port(s): 8080 (http) with context path ''
2022-04-21 18:19:13.109  INFO 4701 --- [restartedMain] t.h.c.CovidTrackerApplication            : Started CovidTrackerApplication in 0.269 seconds (JVM running for 4068.052)
2022-04-21 18:19:13.110  INFO 4701 --- [restartedMain] .ConditionEvaluationDeltaLoggingListener : Condition evaluation unchanged
2022-04-21 19:33:44.864  INFO 28322 --- [main] t.h.c.TrackerRestControllerITest         : Starting TrackerRestControllerITest using Java 11.0.14.1 on diogo-Legion with PID 28322 (started by diogo in /home/diogo/Desktop/TQS/HW1/api)
2022-04-21 19:33:44.865  INFO 28322 --- [main] t.h.c.TrackerRestControllerITest         : No active profile set, falling back to 1 default profile: "default"
2022-04-21 19:33:45.783  INFO 28322 --- [main] o.s.b.w.embedded.tomcat.TomcatWebServer  : Tomcat initialized with port(s): 0 (http)
2022-04-21 19:33:45.795  INFO 28322 --- [main] o.apache.catalina.core.StandardService   : Starting service [Tomcat]
2022-04-21 19:33:45.796  INFO 28322 --- [main] org.apache.catalina.core.StandardEngine  : Starting Servlet engine: [Apache Tomcat/9.0.60]
2022-04-21 19:33:45.901  INFO 28322 --- [main] o.a.c.c.C.[Tomcat].[localhost].[/]       : Initializing Spring embedded WebApplicationContext
2022-04-21 19:33:45.901  INFO 28322 --- [main] w.s.c.ServletWebServerApplicationContext : Root WebApplicationContext: initialization completed in 1018 ms
2022-04-21 19:33:46.420  INFO 28322 --- [main] o.a.c.c.C.[Tomcat].[localhost].[/]       : Initializing Spring TestDispatcherServlet ''
2022-04-21 19:33:46.421  INFO 28322 --- [main] o.s.t.web.servlet.TestDispatcherServlet  : Initializing Servlet ''
2022-04-21 19:33:46.422  INFO 28322 --- [main] o.s.t.web.servlet.TestDispatcherServlet  : Completed initialization in 1 ms
2022-04-21 19:33:46.580  INFO 28322 --- [main] o.s.b.w.embedded.tomcat.TomcatWebServer  : Tomcat started on port(s): 35495 (http) with context path ''
2022-04-21 19:33:46.588  INFO 28322 --- [main] t.h.c.TrackerRestControllerITest         : Started TrackerRestControllerITest in 2.147 seconds (JVM running for 6.669)
2022-04-21 19:33:46.635  INFO 28322 --- [main] t.hw.covidtracker.TrackerRestController  : GET request for /cache_stats
2022-04-21 19:33:46.730  INFO 28322 --- [main] t.hw.covidtracker.TrackerRestController  : GET request for /incidence
2022-04-21 19:33:46.767  INFO 28322 --- [main] t.hw.covidtracker.TrackerRestController  : GET request for /incidence
2022-04-21 19:33:47.905  INFO 28322 --- [main] t.hw.covidtracker.TrackerRestController  : GET request for /incidence
2022-04-21 19:33:49.836  INFO 28322 --- [main] t.hw.covidtracker.TrackerRestController  : GET request for /incidence
2022-04-21 19:33:50.242  INFO 28322 --- [main] t.hw.covidtracker.TrackerRestController  : GET request for /incidence
2022-04-21 19:33:50.263  INFO 28322 --- [main] t.hw.covidtracker.TrackerRestController  : GET request for /incidence
2022-04-21 19:33:50.285  INFO 28322 --- [main] .b.t.c.SpringBootTestContextBootstrapper : Neither @ContextConfiguration nor @ContextHierarchy found for test class [tqs.hw.covidtracker.TrackerRestControllerTemplateITest], using SpringBootContextLoader
2022-04-21 19:33:50.288  INFO 28322 --- [main] o.s.t.c.support.AbstractContextLoader    : Could not detect default resource locations for test class [tqs.hw.covidtracker.TrackerRestControllerTemplateITest]: no resource found for suffixes {-context.xml, Context.groovy}.
2022-04-21 19:33:50.289  INFO 28322 --- [main] t.c.s.AnnotationConfigContextLoaderUtils : Could not detect default configuration classes for test class [tqs.hw.covidtracker.TrackerRestControllerTemplateITest]: TrackerRestControllerTemplateITest does not declare any static, non-private, non-final, nested classes annotated with @Configuration.
2022-04-21 19:33:50.292  INFO 28322 --- [main] .b.t.c.SpringBootTestContextBootstrapper : Found @SpringBootConfiguration tqs.hw.covidtracker.CovidTrackerApplication for test class tqs.hw.covidtracker.TrackerRestControllerTemplateITest
2022-04-21 19:33:50.297  INFO 28322 --- [main] .b.t.c.SpringBootTestContextBootstrapper : Loaded default TestExecutionListener class names from location [META-INF/spring.factories]: [org.springframework.boot.test.mock.mockito.MockitoTestExecutionListener, org.springframework.boot.test.mock.mockito.ResetMocksTestExecutionListener, org.springframework.boot.test.autoconfigure.restdocs.RestDocsTestExecutionListener, org.springframework.boot.test.autoconfigure.web.client.MockRestServiceServerResetTestExecutionListener, org.springframework.boot.test.autoconfigure.web.servlet.MockMvcPrintOnlyOnFailureTestExecutionListener, org.springframework.boot.test.autoconfigure.web.servlet.WebDriverTestExecutionListener, org.springframework.boot.test.autoconfigure.webservices.client.MockWebServiceServerTestExecutionListener, org.springframework.test.context.web.ServletTestExecutionListener, org.springframework.test.context.support.DirtiesContextBeforeModesTestExecutionListener, org.springframework.test.context.event.ApplicationEventsTestExecutionListener, org.springframework.test.context.support.DependencyInjectionTestExecutionListener, org.springframework.test.context.support.DirtiesContextTestExecutionListener, org.springframework.test.context.transaction.TransactionalTestExecutionListener, org.springframework.test.context.jdbc.SqlScriptsTestExecutionListener, org.springframework.test.context.event.EventPublishingTestExecutionListener]
2022-04-21 19:33:50.300  INFO 28322 --- [main] .b.t.c.SpringBootTestContextBootstrapper : Using TestExecutionListeners: [org.springframework.test.context.web.ServletTestExecutionListener@7610de71, org.springframework.test.context.support.DirtiesContextBeforeModesTestExecutionListener@78a173d0, org.springframework.test.context.event.ApplicationEventsTestExecutionListener@918d98b, org.springframework.boot.test.mock.mockito.MockitoTestExecutionListener@5222a93a, org.springframework.boot.test.autoconfigure.SpringBootDependencyInjectionTestExecutionListener@22b11659, org.springframework.test.context.support.DirtiesContextTestExecutionListener@517dde2c, org.springframework.test.context.event.EventPublishingTestExecutionListener@1e669109, org.springframework.boot.test.mock.mockito.ResetMocksTestExecutionListener@594a8086, org.springframework.boot.test.autoconfigure.restdocs.RestDocsTestExecutionListener@73e35628, org.springframework.boot.test.autoconfigure.web.client.MockRestServiceServerResetTestExecutionListener@4c507ac6, org.springframework.boot.test.autoconfigure.web.servlet.MockMvcPrintOnlyOnFailureTestExecutionListener@6694549c, org.springframework.boot.test.autoconfigure.web.servlet.WebDriverTestExecutionListener@6bd7b678, org.springframework.boot.test.autoconfigure.webservices.client.MockWebServiceServerTestExecutionListener@26cef3c]
2022-04-21 19:33:50.386  INFO 28322 --- [main] t.h.c.TrackerRestControllerTemplateITest : Starting TrackerRestControllerTemplateITest using Java 11.0.14.1 on diogo-Legion with PID 28322 (started by diogo in /home/diogo/Desktop/TQS/HW1/api)
2022-04-21 19:33:50.387  INFO 28322 --- [main] t.h.c.TrackerRestControllerTemplateITest : No active profile set, falling back to 1 default profile: "default"
2022-04-21 19:33:50.635  INFO 28322 --- [main] o.s.b.w.embedded.tomcat.TomcatWebServer  : Tomcat initialized with port(s): 0 (http)
2022-04-21 19:33:50.636  INFO 28322 --- [main] o.apache.catalina.core.StandardService   : Starting service [Tomcat]
2022-04-21 19:33:50.637  INFO 28322 --- [main] org.apache.catalina.core.StandardEngine  : Starting Servlet engine: [Apache Tomcat/9.0.60]
2022-04-21 19:33:50.649  INFO 28322 --- [main] o.a.c.c.C.[Tomcat-1].[localhost].[/]     : Initializing Spring embedded WebApplicationContext
2022-04-21 19:33:50.649  INFO 28322 --- [main] w.s.c.ServletWebServerApplicationContext : Root WebApplicationContext: initialization completed in 255 ms
2022-04-21 19:33:50.836  INFO 28322 --- [main] o.s.b.w.embedded.tomcat.TomcatWebServer  : Tomcat started on port(s): 35897 (http) with context path ''
2022-04-21 19:33:50.838  INFO 28322 --- [main] t.h.c.TrackerRestControllerTemplateITest : Started TrackerRestControllerTemplateITest in 0.531 seconds (JVM running for 10.919)
2022-04-21 19:33:51.024  INFO 28322 --- [http-nio-auto-2-exec-1] o.a.c.c.C.[Tomcat-1].[localhost].[/]     : Initializing Spring DispatcherServlet 'dispatcherServlet'
2022-04-21 19:33:51.025  INFO 28322 --- [http-nio-auto-2-exec-1] o.s.web.servlet.DispatcherServlet        : Initializing Servlet 'dispatcherServlet'
2022-04-21 19:33:51.026  INFO 28322 --- [http-nio-auto-2-exec-1] o.s.web.servlet.DispatcherServlet        : Completed initialization in 0 ms
2022-04-21 19:33:51.033  INFO 28322 --- [http-nio-auto-2-exec-1] t.hw.covidtracker.TrackerRestController  : GET request for /incidence
2022-04-21 19:33:51.556  INFO 28322 --- [http-nio-auto-2-exec-2] t.hw.covidtracker.TrackerRestController  : GET request for /incidence
2022-04-21 19:33:52.805  INFO 28322 --- [http-nio-auto-2-exec-3] t.hw.covidtracker.TrackerRestController  : GET request for /incidence
2022-04-21 19:33:53.232  INFO 28322 --- [http-nio-auto-2-exec-4] t.hw.covidtracker.TrackerRestController  : GET request for /cache_stats
2022-04-21 19:33:53.266  INFO 28322 --- [http-nio-auto-2-exec-5] t.hw.covidtracker.TrackerRestController  : GET request for /incidence
2022-04-21 19:33:53.288  INFO 28322 --- [http-nio-auto-2-exec-6] t.hw.covidtracker.TrackerRestController  : GET request for /incidence
2022-04-21 19:33:53.515  INFO 28322 --- [http-nio-auto-2-exec-7] t.hw.covidtracker.TrackerRestController  : GET request for /incidence
2022-04-21 19:33:54.743  INFO 28322 --- [http-nio-auto-2-exec-8] t.hw.covidtracker.TrackerRestController  : GET request for /incidence
2022-04-21 19:33:54.993  INFO 28322 --- [http-nio-auto-2-exec-9] t.hw.covidtracker.TrackerRestController  : GET request for /incidence
2022-04-21 19:33:55.016  INFO 28322 --- [http-nio-auto-2-exec-10] t.hw.covidtracker.TrackerRestController  : GET request for /incidence
2022-04-21 19:38:44.471  INFO 31515 --- [main] t.h.c.TrackerRestControllerITest         : Starting TrackerRestControllerITest using Java 11.0.14.1 on diogo-Legion with PID 31515 (started by diogo in /home/diogo/Desktop/TQS/HW1/api)
2022-04-21 19:38:44.473  INFO 31515 --- [main] t.h.c.TrackerRestControllerITest         : No active profile set, falling back to 1 default profile: "default"
2022-04-21 19:38:45.497  INFO 31515 --- [main] o.s.b.w.embedded.tomcat.TomcatWebServer  : Tomcat initialized with port(s): 0 (http)
2022-04-21 19:38:45.510  INFO 31515 --- [main] o.apache.catalina.core.StandardService   : Starting service [Tomcat]
2022-04-21 19:38:45.510  INFO 31515 --- [main] org.apache.catalina.core.StandardEngine  : Starting Servlet engine: [Apache Tomcat/9.0.60]
2022-04-21 19:38:45.613  INFO 31515 --- [main] o.a.c.c.C.[Tomcat].[localhost].[/]       : Initializing Spring embedded WebApplicationContext
2022-04-21 19:38:45.613  INFO 31515 --- [main] w.s.c.ServletWebServerApplicationContext : Root WebApplicationContext: initialization completed in 1117 ms
2022-04-21 19:38:46.127  INFO 31515 --- [main] o.a.c.c.C.[Tomcat].[localhost].[/]       : Initializing Spring TestDispatcherServlet ''
2022-04-21 19:38:46.127  INFO 31515 --- [main] o.s.t.web.servlet.TestDispatcherServlet  : Initializing Servlet ''
2022-04-21 19:38:46.128  INFO 31515 --- [main] o.s.t.web.servlet.TestDispatcherServlet  : Completed initialization in 1 ms
2022-04-21 19:38:46.275  INFO 31515 --- [main] o.s.b.w.embedded.tomcat.TomcatWebServer  : Tomcat started on port(s): 44061 (http) with context path ''
2022-04-21 19:38:46.282  INFO 31515 --- [main] t.h.c.TrackerRestControllerITest         : Started TrackerRestControllerITest in 2.122 seconds (JVM running for 6.176)
2022-04-21 19:38:46.331  INFO 31515 --- [main] t.hw.covidtracker.TrackerRestController  : GET request for /cache_stats
2022-04-21 19:38:46.457  INFO 31515 --- [main] t.hw.covidtracker.TrackerRestController  : GET request for /incidence
2022-04-21 19:38:46.558  INFO 31515 --- [main] t.hw.covidtracker.TrackerRestController  : GET request for /incidence
2022-04-21 19:38:47.406  INFO 31515 --- [main] t.hw.covidtracker.TrackerRestController  : GET request for /incidence
2022-04-21 19:38:48.129  INFO 31515 --- [main] t.hw.covidtracker.TrackerRestController  : GET request for /incidence
2022-04-21 19:38:48.382  INFO 31515 --- [main] t.hw.covidtracker.TrackerRestController  : GET request for /incidence
2022-04-21 19:38:48.404  INFO 31515 --- [main] t.hw.covidtracker.TrackerRestController  : GET request for /incidence
2022-04-21 19:38:48.435  INFO 31515 --- [main] .b.t.c.SpringBootTestContextBootstrapper : Neither @ContextConfiguration nor @ContextHierarchy found for test class [tqs.hw.covidtracker.TrackerRestControllerTemplateITest], using SpringBootContextLoader
2022-04-21 19:38:48.438  INFO 31515 --- [main] o.s.t.c.support.AbstractContextLoader    : Could not detect default resource locations for test class [tqs.hw.covidtracker.TrackerRestControllerTemplateITest]: no resource found for suffixes {-context.xml, Context.groovy}.
2022-04-21 19:38:48.439  INFO 31515 --- [main] t.c.s.AnnotationConfigContextLoaderUtils : Could not detect default configuration classes for test class [tqs.hw.covidtracker.TrackerRestControllerTemplateITest]: TrackerRestControllerTemplateITest does not declare any static, non-private, non-final, nested classes annotated with @Configuration.
2022-04-21 19:38:48.444  INFO 31515 --- [main] .b.t.c.SpringBootTestContextBootstrapper : Found @SpringBootConfiguration tqs.hw.covidtracker.CovidTrackerApplication for test class tqs.hw.covidtracker.TrackerRestControllerTemplateITest
2022-04-21 19:38:48.449  INFO 31515 --- [main] .b.t.c.SpringBootTestContextBootstrapper : Loaded default TestExecutionListener class names from location [META-INF/spring.factories]: [org.springframework.boot.test.mock.mockito.MockitoTestExecutionListener, org.springframework.boot.test.mock.mockito.ResetMocksTestExecutionListener, org.springframework.boot.test.autoconfigure.restdocs.RestDocsTestExecutionListener, org.springframework.boot.test.autoconfigure.web.client.MockRestServiceServerResetTestExecutionListener, org.springframework.boot.test.autoconfigure.web.servlet.MockMvcPrintOnlyOnFailureTestExecutionListener, org.springframework.boot.test.autoconfigure.web.servlet.WebDriverTestExecutionListener, org.springframework.boot.test.autoconfigure.webservices.client.MockWebServiceServerTestExecutionListener, org.springframework.test.context.web.ServletTestExecutionListener, org.springframework.test.context.support.DirtiesContextBeforeModesTestExecutionListener, org.springframework.test.context.event.ApplicationEventsTestExecutionListener, org.springframework.test.context.support.DependencyInjectionTestExecutionListener, org.springframework.test.context.support.DirtiesContextTestExecutionListener, org.springframework.test.context.transaction.TransactionalTestExecutionListener, org.springframework.test.context.jdbc.SqlScriptsTestExecutionListener, org.springframework.test.context.event.EventPublishingTestExecutionListener]
2022-04-21 19:38:48.452  INFO 31515 --- [main] .b.t.c.SpringBootTestContextBootstrapper : Using TestExecutionListeners: [org.springframework.test.context.web.ServletTestExecutionListener@7aa82aa6, org.springframework.test.context.support.DirtiesContextBeforeModesTestExecutionListener@6c758922, org.springframework.test.context.event.ApplicationEventsTestExecutionListener@3695fa3a, org.springframework.boot.test.mock.mockito.MockitoTestExecutionListener@23f7dfc3, org.springframework.boot.test.autoconfigure.SpringBootDependencyInjectionTestExecutionListener@18b13c01, org.springframework.test.context.support.DirtiesContextTestExecutionListener@58cd8aac, org.springframework.test.context.event.EventPublishingTestExecutionListener@4190ffa5, org.springframework.boot.test.mock.mockito.ResetMocksTestExecutionListener@5c042993, org.springframework.boot.test.autoconfigure.restdocs.RestDocsTestExecutionListener@4d444726, org.springframework.boot.test.autoconfigure.web.client.MockRestServiceServerResetTestExecutionListener@79683cc8, org.springframework.boot.test.autoconfigure.web.servlet.MockMvcPrintOnlyOnFailureTestExecutionListener@3f439997, org.springframework.boot.test.autoconfigure.web.servlet.WebDriverTestExecutionListener@4276775d, org.springframework.boot.test.autoconfigure.webservices.client.MockWebServiceServerTestExecutionListener@2d646542]
2022-04-21 19:38:48.542  INFO 31515 --- [main] t.h.c.TrackerRestControllerTemplateITest : Starting TrackerRestControllerTemplateITest using Java 11.0.14.1 on diogo-Legion with PID 31515 (started by diogo in /home/diogo/Desktop/TQS/HW1/api)
2022-04-21 19:38:48.543  INFO 31515 --- [main] t.h.c.TrackerRestControllerTemplateITest : No active profile set, falling back to 1 default profile: "default"
2022-04-21 19:38:48.775  INFO 31515 --- [main] o.s.b.w.embedded.tomcat.TomcatWebServer  : Tomcat initialized with port(s): 0 (http)
2022-04-21 19:38:48.776  INFO 31515 --- [main] o.apache.catalina.core.StandardService   : Starting service [Tomcat]
2022-04-21 19:38:48.776  INFO 31515 --- [main] org.apache.catalina.core.StandardEngine  : Starting Servlet engine: [Apache Tomcat/9.0.60]
2022-04-21 19:38:48.788  INFO 31515 --- [main] o.a.c.c.C.[Tomcat-1].[localhost].[/]     : Initializing Spring embedded WebApplicationContext
2022-04-21 19:38:48.788  INFO 31515 --- [main] w.s.c.ServletWebServerApplicationContext : Root WebApplicationContext: initialization completed in 238 ms
2022-04-21 19:38:48.976  INFO 31515 --- [main] o.s.b.w.embedded.tomcat.TomcatWebServer  : Tomcat started on port(s): 38413 (http) with context path ''
2022-04-21 19:38:48.979  INFO 31515 --- [main] t.h.c.TrackerRestControllerTemplateITest : Started TrackerRestControllerTemplateITest in 0.521 seconds (JVM running for 8.872)
2022-04-21 19:38:49.143  INFO 31515 --- [http-nio-auto-2-exec-1] o.a.c.c.C.[Tomcat-1].[localhost].[/]     : Initializing Spring DispatcherServlet 'dispatcherServlet'
2022-04-21 19:38:49.144  INFO 31515 --- [http-nio-auto-2-exec-1] o.s.web.servlet.DispatcherServlet        : Initializing Servlet 'dispatcherServlet'
2022-04-21 19:38:49.144  INFO 31515 --- [http-nio-auto-2-exec-1] o.s.web.servlet.DispatcherServlet        : Completed initialization in 0 ms
2022-04-21 19:38:49.152  INFO 31515 --- [http-nio-auto-2-exec-1] t.hw.covidtracker.TrackerRestController  : GET request for /incidence
2022-04-21 19:38:49.386  INFO 31515 --- [http-nio-auto-2-exec-2] t.hw.covidtracker.TrackerRestController  : GET request for /incidence
2022-04-21 19:38:50.031  INFO 31515 --- [http-nio-auto-2-exec-3] t.hw.covidtracker.TrackerRestController  : GET request for /incidence
2022-04-21 19:38:50.259  INFO 31515 --- [http-nio-auto-2-exec-4] t.hw.covidtracker.TrackerRestController  : GET request for /cache_stats
2022-04-21 19:38:50.308  INFO 31515 --- [http-nio-auto-2-exec-5] t.hw.covidtracker.TrackerRestController  : GET request for /incidence
2022-04-21 19:38:50.334  INFO 31515 --- [http-nio-auto-2-exec-6] t.hw.covidtracker.TrackerRestController  : GET request for /incidence
2022-04-21 19:38:50.612  INFO 31515 --- [http-nio-auto-2-exec-7] t.hw.covidtracker.TrackerRestController  : GET request for /incidence
2022-04-21 19:38:51.515  INFO 31515 --- [http-nio-auto-2-exec-8] t.hw.covidtracker.TrackerRestController  : GET request for /incidence
2022-04-21 19:38:51.758  INFO 31515 --- [http-nio-auto-2-exec-9] t.hw.covidtracker.TrackerRestController  : GET request for /incidence
2022-04-21 19:38:51.779  INFO 31515 --- [http-nio-auto-2-exec-10] t.hw.covidtracker.TrackerRestController  : GET request for /incidence
2022-04-21 19:38:52.697  INFO 31515 --- [main] i.g.bonigarcia.wdm.WebDriverManager      : Using geckodriver 0.31.0 (resolved driver for Firefox 99)
2022-04-21 19:38:52.779  INFO 31515 --- [main] i.g.bonigarcia.wdm.WebDriverManager      : Reading https://api.github.com/repos/mozilla/geckodriver/releases to seek geckodriver
2022-04-21 19:38:53.036  INFO 31515 --- [main] i.g.bonigarcia.wdm.online.Downloader     : Downloading https://github.com/mozilla/geckodriver/releases/download/v0.31.0/geckodriver-v0.31.0-linux64.tar.gz
2022-04-21 19:38:53.918  INFO 31515 --- [main] i.g.bonigarcia.wdm.online.Downloader     : Extracting driver from compressed file geckodriver-v0.31.0-linux64.tar.gz
2022-04-21 19:38:54.029  INFO 31515 --- [main] i.g.bonigarcia.wdm.WebDriverManager      : Exporting webdriver.gecko.driver as /home/diogo/.cache/selenium/geckodriver/linux64/0.31.0/geckodriver
2022-04-21 19:38:54.129 ERROR 31515 --- [main] i.g.bonigarcia.wdm.WebDriverManager      : There was an error creating WebDriver object for Firefox

java.lang.reflect.InvocationTargetException: null
	at java.base/jdk.internal.reflect.NativeConstructorAccessorImpl.newInstance0(Native Method) ~[na:na]
	at java.base/jdk.internal.reflect.NativeConstructorAccessorImpl.newInstance(NativeConstructorAccessorImpl.java:62) ~[na:na]
	at java.base/jdk.internal.reflect.DelegatingConstructorAccessorImpl.newInstance(DelegatingConstructorAccessorImpl.java:45) ~[na:na]
	at java.base/java.lang.reflect.Constructor.newInstance(Constructor.java:490) ~[na:na]
	at io.github.bonigarcia.wdm.webdriver.WebDriverCreator.createLocalWebDriver(WebDriverCreator.java:64) ~[webdrivermanager-5.1.0.jar:na]
	at io.github.bonigarcia.wdm.WebDriverManager.createLocalWebDriver(WebDriverManager.java:1710) ~[webdrivermanager-5.1.0.jar:na]
	at io.github.bonigarcia.wdm.WebDriverManager.instantiateDriver(WebDriverManager.java:1573) ~[webdrivermanager-5.1.0.jar:na]
	at io.github.bonigarcia.wdm.WebDriverManager.create(WebDriverManager.java:399) ~[webdrivermanager-5.1.0.jar:na]
	at tqs.hw.covidtracker.StepDefinitions.iNavigateTo(StepDefinitions.java:34) ~[test-classes/:na]
	at java.base/jdk.internal.reflect.NativeMethodAccessorImpl.invoke0(Native Method) ~[na:na]
	at java.base/jdk.internal.reflect.NativeMethodAccessorImpl.invoke(NativeMethodAccessorImpl.java:62) ~[na:na]
	at java.base/jdk.internal.reflect.DelegatingMethodAccessorImpl.invoke(DelegatingMethodAccessorImpl.java:43) ~[na:na]
	at java.base/java.lang.reflect.Method.invoke(Method.java:566) ~[na:na]
	at io.cucumber.java.Invoker.doInvoke(Invoker.java:66) ~[cucumber-java-7.2.3.jar:7.2.3]
	at io.cucumber.java.Invoker.invoke(Invoker.java:24) ~[cucumber-java-7.2.3.jar:7.2.3]
	at io.cucumber.java.AbstractGlueDefinition.invokeMethod(AbstractGlueDefinition.java:47) ~[cucumber-java-7.2.3.jar:7.2.3]
	at io.cucumber.java.JavaStepDefinition.execute(JavaStepDefinition.java:29) ~[cucumber-java-7.2.3.jar:7.2.3]
	at io.cucumber.core.runner.CoreStepDefinition.execute(CoreStepDefinition.java:66) ~[cucumber-core-7.2.3.jar:7.2.3]
	at io.cucumber.core.runner.PickleStepDefinitionMatch.runStep(PickleStepDefinitionMatch.java:63) ~[cucumber-core-7.2.3.jar:7.2.3]
	at io.cucumber.core.runner.ExecutionMode$1.execute(ExecutionMode.java:10) ~[cucumber-core-7.2.3.jar:7.2.3]
	at io.cucumber.core.runner.TestStep.executeStep(TestStep.java:86) ~[cucumber-core-7.2.3.jar:7.2.3]
	at io.cucumber.core.runner.TestStep.run(TestStep.java:57) ~[cucumber-core-7.2.3.jar:7.2.3]
	at io.cucumber.core.runner.PickleStepTestStep.run(PickleStepTestStep.java:51) ~[cucumber-core-7.2.3.jar:7.2.3]
	at io.cucumber.core.runner.TestCase.run(TestCase.java:95) ~[cucumber-core-7.2.3.jar:7.2.3]
	at io.cucumber.core.runner.Runner.runPickle(Runner.java:75) ~[cucumber-core-7.2.3.jar:7.2.3]
	at io.cucumber.junit.platform.engine.CucumberEngineExecutionContext.lambda$runTestCase$4(CucumberEngineExecutionContext.java:112) ~[cucumber-junit-platform-engine-7.2.3.jar:na]
	at io.cucumber.core.runtime.CucumberExecutionContext.lambda$runTestCase$3(CucumberExecutionContext.java:151) ~[cucumber-core-7.2.3.jar:7.2.3]
	at io.cucumber.core.runtime.RethrowingThrowableCollector.executeAndThrow(RethrowingThrowableCollector.java:23) ~[cucumber-core-7.2.3.jar:7.2.3]
	at io.cucumber.core.runtime.CucumberExecutionContext.runTestCase(CucumberExecutionContext.java:151) ~[cucumber-core-7.2.3.jar:7.2.3]
	at io.cucumber.junit.platform.engine.CucumberEngineExecutionContext.runTestCase(CucumberEngineExecutionContext.java:109) ~[cucumber-junit-platform-engine-7.2.3.jar:na]
	at io.cucumber.junit.platform.engine.PickleDescriptor.execute(PickleDescriptor.java:100) ~[cucumber-junit-platform-engine-7.2.3.jar:na]
	at io.cucumber.junit.platform.engine.PickleDescriptor.execute(PickleDescriptor.java:29) ~[cucumber-junit-platform-engine-7.2.3.jar:na]
	at org.junit.platform.engine.support.hierarchical.NodeTestTask.lambda$executeRecursively$6(NodeTestTask.java:151) ~[junit-platform-engine-1.8.2.jar:1.8.2]
	at org.junit.platform.engine.support.hierarchical.ThrowableCollector.execute(ThrowableCollector.java:73) ~[junit-platform-engine-1.8.2.jar:1.8.2]
	at org.junit.platform.engine.support.hierarchical.NodeTestTask.lambda$executeRecursively$8(NodeTestTask.java:141) ~[junit-platform-engine-1.8.2.jar:1.8.2]
	at org.junit.platform.engine.support.hierarchical.Node.around(Node.java:137) ~[junit-platform-engine-1.8.2.jar:1.8.2]
	at org.junit.platform.engine.support.hierarchical.NodeTestTask.lambda$executeRecursively$9(NodeTestTask.java:139) ~[junit-platform-engine-1.8.2.jar:1.8.2]
	at org.junit.platform.engine.support.hierarchical.ThrowableCollector.execute(ThrowableCollector.java:73) ~[junit-platform-engine-1.8.2.jar:1.8.2]
	at org.junit.platform.engine.support.hierarchical.NodeTestTask.executeRecursively(NodeTestTask.java:138) ~[junit-platform-engine-1.8.2.jar:1.8.2]
	at org.junit.platform.engine.support.hierarchical.NodeTestTask.execute(NodeTestTask.java:95) ~[junit-platform-engine-1.8.2.jar:1.8.2]
	at java.base/java.util.ArrayList.forEach(ArrayList.java:1541) ~[na:na]
	at org.junit.platform.engine.support.hierarchical.SameThreadHierarchicalTestExecutorService.invokeAll(SameThreadHierarchicalTestExecutorService.java:41) ~[junit-platform-engine-1.8.2.jar:1.8.2]
	at org.junit.platform.engine.support.hierarchical.NodeTestTask.lambda$executeRecursively$6(NodeTestTask.java:155) ~[junit-platform-engine-1.8.2.jar:1.8.2]
	at org.junit.platform.engine.support.hierarchical.ThrowableCollector.execute(ThrowableCollector.java:73) ~[junit-platform-engine-1.8.2.jar:1.8.2]
	at org.junit.platform.engine.support.hierarchical.NodeTestTask.lambda$executeRecursively$8(NodeTestTask.java:141) ~[junit-platform-engine-1.8.2.jar:1.8.2]
	at org.junit.platform.engine.support.hierarchical.Node.around(Node.java:137) ~[junit-platform-engine-1.8.2.jar:1.8.2]
	at org.junit.platform.engine.support.hierarchical.NodeTestTask.lambda$executeRecursively$9(NodeTestTask.java:139) ~[junit-platform-engine-1.8.2.jar:1.8.2]
	at org.junit.platform.engine.support.hierarchical.ThrowableCollector.execute(ThrowableCollector.java:73) ~[junit-platform-engine-1.8.2.jar:1.8.2]
	at org.junit.platform.engine.support.hierarchical.NodeTestTask.executeRecursively(NodeTestTask.java:138) ~[junit-platform-engine-1.8.2.jar:1.8.2]
	at org.junit.platform.engine.support.hierarchical.NodeTestTask.execute(NodeTestTask.java:95) ~[junit-platform-engine-1.8.2.jar:1.8.2]
	at java.base/java.util.ArrayList.forEach(ArrayList.java:1541) ~[na:na]
	at org.junit.platform.engine.support.hierarchical.SameThreadHierarchicalTestExecutorService.invokeAll(SameThreadHierarchicalTestExecutorService.java:41) ~[junit-platform-engine-1.8.2.jar:1.8.2]
	at org.junit.platform.engine.support.hierarchical.NodeTestTask.lambda$executeRecursively$6(NodeTestTask.java:155) ~[junit-platform-engine-1.8.2.jar:1.8.2]
	at org.junit.platform.engine.support.hierarchical.ThrowableCollector.execute(ThrowableCollector.java:73) ~[junit-platform-engine-1.8.2.jar:1.8.2]
	at org.junit.platform.engine.support.hierarchical.NodeTestTask.lambda$executeRecursively$8(NodeTestTask.java:141) ~[junit-platform-engine-1.8.2.jar:1.8.2]
	at org.junit.platform.engine.support.hierarchical.Node.around(Node.java:137) ~[junit-platform-engine-1.8.2.jar:1.8.2]
	at org.junit.platform.engine.support.hierarchical.NodeTestTask.lambda$executeRecursively$9(NodeTestTask.java:139) ~[junit-platform-engine-1.8.2.jar:1.8.2]
	at org.junit.platform.engine.support.hierarchical.ThrowableCollector.execute(ThrowableCollector.java:73) ~[junit-platform-engine-1.8.2.jar:1.8.2]
	at org.junit.platform.engine.support.hierarchical.NodeTestTask.executeRecursively(NodeTestTask.java:138) ~[junit-platform-engine-1.8.2.jar:1.8.2]
	at org.junit.platform.engine.support.hierarchical.NodeTestTask.execute(NodeTestTask.java:95) ~[junit-platform-engine-1.8.2.jar:1.8.2]
	at org.junit.platform.engine.support.hierarchical.SameThreadHierarchicalTestExecutorService.submit(SameThreadHierarchicalTestExecutorService.java:35) ~[junit-platform-engine-1.8.2.jar:1.8.2]
	at org.junit.platform.engine.support.hierarchical.HierarchicalTestExecutor.execute(HierarchicalTestExecutor.java:57) ~[junit-platform-engine-1.8.2.jar:1.8.2]
	at org.junit.platform.engine.support.hierarchical.HierarchicalTestEngine.execute(HierarchicalTestEngine.java:54) ~[junit-platform-engine-1.8.2.jar:1.8.2]
	at org.junit.platform.launcher.core.EngineExecutionOrchestrator.execute(EngineExecutionOrchestrator.java:107) ~[junit-platform-launcher-1.8.2.jar:1.8.2]
	at org.junit.platform.launcher.core.EngineExecutionOrchestrator.execute(EngineExecutionOrchestrator.java:88) ~[junit-platform-launcher-1.8.2.jar:1.8.2]
	at org.junit.platform.suite.engine.SuiteLauncher.execute(SuiteLauncher.java:59) ~[junit-platform-suite-engine-1.8.2.jar:1.8.2]
	at org.junit.platform.suite.engine.SuiteTestDescriptor.execute(SuiteTestDescriptor.java:130) ~[junit-platform-suite-engine-1.8.2.jar:1.8.2]
	at org.junit.platform.suite.engine.SuiteTestEngine.lambda$execute$0(SuiteTestEngine.java:73) ~[junit-platform-suite-engine-1.8.2.jar:1.8.2]
	at java.base/java.util.stream.ForEachOps$ForEachOp$OfRef.accept(ForEachOps.java:183) ~[na:na]
	at java.base/java.util.stream.ReferencePipeline$3$1.accept(ReferencePipeline.java:195) ~[na:na]
	at java.base/java.util.Iterator.forEachRemaining(Iterator.java:133) ~[na:na]
	at java.base/java.util.Spliterators$IteratorSpliterator.forEachRemaining(Spliterators.java:1801) ~[na:na]
	at java.base/java.util.stream.AbstractPipeline.copyInto(AbstractPipeline.java:484) ~[na:na]
	at java.base/java.util.stream.AbstractPipeline.wrapAndCopyInto(AbstractPipeline.java:474) ~[na:na]
	at java.base/java.util.stream.ForEachOps$ForEachOp.evaluateSequential(ForEachOps.java:150) ~[na:na]
	at java.base/java.util.stream.ForEachOps$ForEachOp$OfRef.evaluateSequential(ForEachOps.java:173) ~[na:na]
	at java.base/java.util.stream.AbstractPipeline.evaluate(AbstractPipeline.java:234) ~[na:na]
	at java.base/java.util.stream.ReferencePipeline.forEach(ReferencePipeline.java:497) ~[na:na]
	at org.junit.platform.suite.engine.SuiteTestEngine.execute(SuiteTestEngine.java:73) ~[junit-platform-suite-engine-1.8.2.jar:1.8.2]
	at org.junit.platform.launcher.core.EngineExecutionOrchestrator.execute(EngineExecutionOrchestrator.java:107) ~[junit-platform-launcher-1.8.2.jar:1.8.2]
	at org.junit.platform.launcher.core.EngineExecutionOrchestrator.execute(EngineExecutionOrchestrator.java:88) ~[junit-platform-launcher-1.8.2.jar:1.8.2]
	at org.junit.platform.launcher.core.EngineExecutionOrchestrator.lambda$execute$0(EngineExecutionOrchestrator.java:54) ~[junit-platform-launcher-1.8.2.jar:1.8.2]
	at org.junit.platform.launcher.core.EngineExecutionOrchestrator.withInterceptedStreams(EngineExecutionOrchestrator.java:67) ~[junit-platform-launcher-1.8.2.jar:1.8.2]
	at org.junit.platform.launcher.core.EngineExecutionOrchestrator.execute(EngineExecutionOrchestrator.java:52) ~[junit-platform-launcher-1.8.2.jar:1.8.2]
	at org.junit.platform.launcher.core.DefaultLauncher.execute(DefaultLauncher.java:114) ~[junit-platform-launcher-1.8.2.jar:1.8.2]
	at org.junit.platform.launcher.core.DefaultLauncher.execute(DefaultLauncher.java:86) ~[junit-platform-launcher-1.8.2.jar:1.8.2]
	at org.junit.platform.launcher.core.DefaultLauncherSession$DelegatingLauncher.execute(DefaultLauncherSession.java:86) ~[junit-platform-launcher-1.8.2.jar:1.8.2]
	at org.junit.platform.launcher.core.SessionPerRequestLauncher.execute(SessionPerRequestLauncher.java:53) ~[junit-platform-launcher-1.8.2.jar:1.8.2]
	at org.apache.maven.surefire.junitplatform.JUnitPlatformProvider.invokeAllTests(JUnitPlatformProvider.java:150) ~[surefire-junit-platform-2.22.2.jar:2.22.2]
	at org.apache.maven.surefire.junitplatform.JUnitPlatformProvider.invoke(JUnitPlatformProvider.java:124) ~[surefire-junit-platform-2.22.2.jar:2.22.2]
	at org.apache.maven.surefire.booter.ForkedBooter.invokeProviderInSameClassLoader(ForkedBooter.java:384) ~[surefire-booter-2.22.2.jar:2.22.2]
	at org.apache.maven.surefire.booter.ForkedBooter.runSuitesInProcess(ForkedBooter.java:345) ~[surefire-booter-2.22.2.jar:2.22.2]
	at org.apache.maven.surefire.booter.ForkedBooter.execute(ForkedBooter.java:126) ~[surefire-booter-2.22.2.jar:2.22.2]
	at org.apache.maven.surefire.booter.ForkedBooter.main(ForkedBooter.java:418) ~[surefire-booter-2.22.2.jar:2.22.2]
Caused by: java.lang.NoClassDefFoundError: org/openqa/selenium/internal/Require
	at org.openqa.selenium.json.NumberCoercer.<init>(NumberCoercer.java:49) ~[selenium-json-4.1.2.jar:na]
	at org.openqa.selenium.json.JsonTypeCoercer.<init>(JsonTypeCoercer.java:71) ~[selenium-json-4.1.2.jar:na]
	at org.openqa.selenium.json.JsonTypeCoercer.<init>(JsonTypeCoercer.java:53) ~[selenium-json-4.1.2.jar:na]
	at org.openqa.selenium.json.Json.<init>(Json.java:37) ~[selenium-json-4.1.2.jar:na]
	at org.openqa.selenium.remote.NewSessionPayload.create(NewSessionPayload.java:100) ~[selenium-remote-driver-3.141.59.jar:na]
	at org.openqa.selenium.remote.NewSessionPayload.create(NewSessionPayload.java:94) ~[selenium-remote-driver-3.141.59.jar:na]
	at org.openqa.selenium.remote.ProtocolHandshake.createSession(ProtocolHandshake.java:68) ~[selenium-remote-driver-3.141.59.jar:na]
	at org.openqa.selenium.remote.HttpCommandExecutor.execute(HttpCommandExecutor.java:136) ~[selenium-remote-driver-3.141.59.jar:na]
	at org.openqa.selenium.remote.service.DriverCommandExecutor.execute(DriverCommandExecutor.java:83) ~[selenium-remote-driver-3.141.59.jar:na]
	at org.openqa.selenium.remote.RemoteWebDriver.execute(RemoteWebDriver.java:552) ~[selenium-remote-driver-3.141.59.jar:na]
	at org.openqa.selenium.remote.RemoteWebDriver.startSession(RemoteWebDriver.java:213) ~[selenium-remote-driver-3.141.59.jar:na]
	at org.openqa.selenium.remote.RemoteWebDriver.<init>(RemoteWebDriver.java:131) ~[selenium-remote-driver-3.141.59.jar:na]
	at org.openqa.selenium.firefox.FirefoxDriver.<init>(FirefoxDriver.java:147) ~[selenium-firefox-driver-3.141.59.jar:na]
	at org.openqa.selenium.firefox.FirefoxDriver.<init>(FirefoxDriver.java:125) ~[selenium-firefox-driver-3.141.59.jar:na]
	... 94 common frames omitted
Caused by: java.lang.ClassNotFoundException: org.openqa.selenium.internal.Require
	at java.base/jdk.internal.loader.BuiltinClassLoader.loadClass(BuiltinClassLoader.java:581) ~[na:na]
	at java.base/jdk.internal.loader.ClassLoaders$AppClassLoader.loadClass(ClassLoaders.java:178) ~[na:na]
	at java.base/java.lang.ClassLoader.loadClass(ClassLoader.java:522) ~[na:na]
	... 108 common frames omitted

2022-04-21 19:38:54.163  INFO 31515 --- [main] i.g.bonigarcia.wdm.WebDriverManager      : Using geckodriver 0.31.0 (resolved driver for Firefox 99)
2022-04-21 19:38:54.167  INFO 31515 --- [main] i.g.bonigarcia.wdm.WebDriverManager      : Exporting webdriver.gecko.driver as /home/diogo/.cache/selenium/geckodriver/linux64/0.31.0/geckodriver
2022-04-21 19:38:54.171 ERROR 31515 --- [main] i.g.bonigarcia.wdm.WebDriverManager      : There was an error creating WebDriver object for Firefox

java.lang.reflect.InvocationTargetException: null
	at java.base/jdk.internal.reflect.NativeConstructorAccessorImpl.newInstance0(Native Method) ~[na:na]
	at java.base/jdk.internal.reflect.NativeConstructorAccessorImpl.newInstance(NativeConstructorAccessorImpl.java:62) ~[na:na]
	at java.base/jdk.internal.reflect.DelegatingConstructorAccessorImpl.newInstance(DelegatingConstructorAccessorImpl.java:45) ~[na:na]
	at java.base/java.lang.reflect.Constructor.newInstance(Constructor.java:490) ~[na:na]
	at io.github.bonigarcia.wdm.webdriver.WebDriverCreator.createLocalWebDriver(WebDriverCreator.java:64) ~[webdrivermanager-5.1.0.jar:na]
	at io.github.bonigarcia.wdm.WebDriverManager.createLocalWebDriver(WebDriverManager.java:1710) ~[webdrivermanager-5.1.0.jar:na]
	at io.github.bonigarcia.wdm.WebDriverManager.instantiateDriver(WebDriverManager.java:1573) ~[webdrivermanager-5.1.0.jar:na]
	at io.github.bonigarcia.wdm.WebDriverManager.create(WebDriverManager.java:399) ~[webdrivermanager-5.1.0.jar:na]
	at tqs.hw.covidtracker.StepDefinitions.iNavigateTo(StepDefinitions.java:34) ~[test-classes/:na]
	at java.base/jdk.internal.reflect.NativeMethodAccessorImpl.invoke0(Native Method) ~[na:na]
	at java.base/jdk.internal.reflect.NativeMethodAccessorImpl.invoke(NativeMethodAccessorImpl.java:62) ~[na:na]
	at java.base/jdk.internal.reflect.DelegatingMethodAccessorImpl.invoke(DelegatingMethodAccessorImpl.java:43) ~[na:na]
	at java.base/java.lang.reflect.Method.invoke(Method.java:566) ~[na:na]
	at io.cucumber.java.Invoker.doInvoke(Invoker.java:66) ~[cucumber-java-7.2.3.jar:7.2.3]
	at io.cucumber.java.Invoker.invoke(Invoker.java:24) ~[cucumber-java-7.2.3.jar:7.2.3]
	at io.cucumber.java.AbstractGlueDefinition.invokeMethod(AbstractGlueDefinition.java:47) ~[cucumber-java-7.2.3.jar:7.2.3]
	at io.cucumber.java.JavaStepDefinition.execute(JavaStepDefinition.java:29) ~[cucumber-java-7.2.3.jar:7.2.3]
	at io.cucumber.core.runner.CoreStepDefinition.execute(CoreStepDefinition.java:66) ~[cucumber-core-7.2.3.jar:7.2.3]
	at io.cucumber.core.runner.PickleStepDefinitionMatch.runStep(PickleStepDefinitionMatch.java:63) ~[cucumber-core-7.2.3.jar:7.2.3]
	at io.cucumber.core.runner.ExecutionMode$1.execute(ExecutionMode.java:10) ~[cucumber-core-7.2.3.jar:7.2.3]
	at io.cucumber.core.runner.TestStep.executeStep(TestStep.java:86) ~[cucumber-core-7.2.3.jar:7.2.3]
	at io.cucumber.core.runner.TestStep.run(TestStep.java:57) ~[cucumber-core-7.2.3.jar:7.2.3]
	at io.cucumber.core.runner.PickleStepTestStep.run(PickleStepTestStep.java:51) ~[cucumber-core-7.2.3.jar:7.2.3]
	at io.cucumber.core.runner.TestCase.run(TestCase.java:95) ~[cucumber-core-7.2.3.jar:7.2.3]
	at io.cucumber.core.runner.Runner.runPickle(Runner.java:75) ~[cucumber-core-7.2.3.jar:7.2.3]
	at io.cucumber.junit.platform.engine.CucumberEngineExecutionContext.lambda$runTestCase$4(CucumberEngineExecutionContext.java:112) ~[cucumber-junit-platform-engine-7.2.3.jar:na]
	at io.cucumber.core.runtime.CucumberExecutionContext.lambda$runTestCase$3(CucumberExecutionContext.java:151) ~[cucumber-core-7.2.3.jar:7.2.3]
	at io.cucumber.core.runtime.RethrowingThrowableCollector.executeAndThrow(RethrowingThrowableCollector.java:23) ~[cucumber-core-7.2.3.jar:7.2.3]
	at io.cucumber.core.runtime.CucumberExecutionContext.runTestCase(CucumberExecutionContext.java:151) ~[cucumber-core-7.2.3.jar:7.2.3]
	at io.cucumber.junit.platform.engine.CucumberEngineExecutionContext.runTestCase(CucumberEngineExecutionContext.java:109) ~[cucumber-junit-platform-engine-7.2.3.jar:na]
	at io.cucumber.junit.platform.engine.PickleDescriptor.execute(PickleDescriptor.java:100) ~[cucumber-junit-platform-engine-7.2.3.jar:na]
	at io.cucumber.junit.platform.engine.PickleDescriptor.execute(PickleDescriptor.java:29) ~[cucumber-junit-platform-engine-7.2.3.jar:na]
	at org.junit.platform.engine.support.hierarchical.NodeTestTask.lambda$executeRecursively$6(NodeTestTask.java:151) ~[junit-platform-engine-1.8.2.jar:1.8.2]
	at org.junit.platform.engine.support.hierarchical.ThrowableCollector.execute(ThrowableCollector.java:73) ~[junit-platform-engine-1.8.2.jar:1.8.2]
	at org.junit.platform.engine.support.hierarchical.NodeTestTask.lambda$executeRecursively$8(NodeTestTask.java:141) ~[junit-platform-engine-1.8.2.jar:1.8.2]
	at org.junit.platform.engine.support.hierarchical.Node.around(Node.java:137) ~[junit-platform-engine-1.8.2.jar:1.8.2]
	at org.junit.platform.engine.support.hierarchical.NodeTestTask.lambda$executeRecursively$9(NodeTestTask.java:139) ~[junit-platform-engine-1.8.2.jar:1.8.2]
	at org.junit.platform.engine.support.hierarchical.ThrowableCollector.execute(ThrowableCollector.java:73) ~[junit-platform-engine-1.8.2.jar:1.8.2]
	at org.junit.platform.engine.support.hierarchical.NodeTestTask.executeRecursively(NodeTestTask.java:138) ~[junit-platform-engine-1.8.2.jar:1.8.2]
	at org.junit.platform.engine.support.hierarchical.NodeTestTask.execute(NodeTestTask.java:95) ~[junit-platform-engine-1.8.2.jar:1.8.2]
	at java.base/java.util.ArrayList.forEach(ArrayList.java:1541) ~[na:na]
	at org.junit.platform.engine.support.hierarchical.SameThreadHierarchicalTestExecutorService.invokeAll(SameThreadHierarchicalTestExecutorService.java:41) ~[junit-platform-engine-1.8.2.jar:1.8.2]
	at org.junit.platform.engine.support.hierarchical.NodeTestTask.lambda$executeRecursively$6(NodeTestTask.java:155) ~[junit-platform-engine-1.8.2.jar:1.8.2]
	at org.junit.platform.engine.support.hierarchical.ThrowableCollector.execute(ThrowableCollector.java:73) ~[junit-platform-engine-1.8.2.jar:1.8.2]
	at org.junit.platform.engine.support.hierarchical.NodeTestTask.lambda$executeRecursively$8(NodeTestTask.java:141) ~[junit-platform-engine-1.8.2.jar:1.8.2]
	at org.junit.platform.engine.support.hierarchical.Node.around(Node.java:137) ~[junit-platform-engine-1.8.2.jar:1.8.2]
	at org.junit.platform.engine.support.hierarchical.NodeTestTask.lambda$executeRecursively$9(NodeTestTask.java:139) ~[junit-platform-engine-1.8.2.jar:1.8.2]
	at org.junit.platform.engine.support.hierarchical.ThrowableCollector.execute(ThrowableCollector.java:73) ~[junit-platform-engine-1.8.2.jar:1.8.2]
	at org.junit.platform.engine.support.hierarchical.NodeTestTask.executeRecursively(NodeTestTask.java:138) ~[junit-platform-engine-1.8.2.jar:1.8.2]
	at org.junit.platform.engine.support.hierarchical.NodeTestTask.execute(NodeTestTask.java:95) ~[junit-platform-engine-1.8.2.jar:1.8.2]
	at java.base/java.util.ArrayList.forEach(ArrayList.java:1541) ~[na:na]
	at org.junit.platform.engine.support.hierarchical.SameThreadHierarchicalTestExecutorService.invokeAll(SameThreadHierarchicalTestExecutorService.java:41) ~[junit-platform-engine-1.8.2.jar:1.8.2]
	at org.junit.platform.engine.support.hierarchical.NodeTestTask.lambda$executeRecursively$6(NodeTestTask.java:155) ~[junit-platform-engine-1.8.2.jar:1.8.2]
	at org.junit.platform.engine.support.hierarchical.ThrowableCollector.execute(ThrowableCollector.java:73) ~[junit-platform-engine-1.8.2.jar:1.8.2]
	at org.junit.platform.engine.support.hierarchical.NodeTestTask.lambda$executeRecursively$8(NodeTestTask.java:141) ~[junit-platform-engine-1.8.2.jar:1.8.2]
	at org.junit.platform.engine.support.hierarchical.Node.around(Node.java:137) ~[junit-platform-engine-1.8.2.jar:1.8.2]
	at org.junit.platform.engine.support.hierarchical.NodeTestTask.lambda$executeRecursively$9(NodeTestTask.java:139) ~[junit-platform-engine-1.8.2.jar:1.8.2]
	at org.junit.platform.engine.support.hierarchical.ThrowableCollector.execute(ThrowableCollector.java:73) ~[junit-platform-engine-1.8.2.jar:1.8.2]
	at org.junit.platform.engine.support.hierarchical.NodeTestTask.executeRecursively(NodeTestTask.java:138) ~[junit-platform-engine-1.8.2.jar:1.8.2]
	at org.junit.platform.engine.support.hierarchical.NodeTestTask.execute(NodeTestTask.java:95) ~[junit-platform-engine-1.8.2.jar:1.8.2]
	at org.junit.platform.engine.support.hierarchical.SameThreadHierarchicalTestExecutorService.submit(SameThreadHierarchicalTestExecutorService.java:35) ~[junit-platform-engine-1.8.2.jar:1.8.2]
	at org.junit.platform.engine.support.hierarchical.HierarchicalTestExecutor.execute(HierarchicalTestExecutor.java:57) ~[junit-platform-engine-1.8.2.jar:1.8.2]
	at org.junit.platform.engine.support.hierarchical.HierarchicalTestEngine.execute(HierarchicalTestEngine.java:54) ~[junit-platform-engine-1.8.2.jar:1.8.2]
	at org.junit.platform.launcher.core.EngineExecutionOrchestrator.execute(EngineExecutionOrchestrator.java:107) ~[junit-platform-launcher-1.8.2.jar:1.8.2]
	at org.junit.platform.launcher.core.EngineExecutionOrchestrator.execute(EngineExecutionOrchestrator.java:88) ~[junit-platform-launcher-1.8.2.jar:1.8.2]
	at org.junit.platform.suite.engine.SuiteLauncher.execute(SuiteLauncher.java:59) ~[junit-platform-suite-engine-1.8.2.jar:1.8.2]
	at org.junit.platform.suite.engine.SuiteTestDescriptor.execute(SuiteTestDescriptor.java:130) ~[junit-platform-suite-engine-1.8.2.jar:1.8.2]
	at org.junit.platform.suite.engine.SuiteTestEngine.lambda$execute$0(SuiteTestEngine.java:73) ~[junit-platform-suite-engine-1.8.2.jar:1.8.2]
	at java.base/java.util.stream.ForEachOps$ForEachOp$OfRef.accept(ForEachOps.java:183) ~[na:na]
	at java.base/java.util.stream.ReferencePipeline$3$1.accept(ReferencePipeline.java:195) ~[na:na]
	at java.base/java.util.Iterator.forEachRemaining(Iterator.java:133) ~[na:na]
	at java.base/java.util.Spliterators$IteratorSpliterator.forEachRemaining(Spliterators.java:1801) ~[na:na]
	at java.base/java.util.stream.AbstractPipeline.copyInto(AbstractPipeline.java:484) ~[na:na]
	at java.base/java.util.stream.AbstractPipeline.wrapAndCopyInto(AbstractPipeline.java:474) ~[na:na]
	at java.base/java.util.stream.ForEachOps$ForEachOp.evaluateSequential(ForEachOps.java:150) ~[na:na]
	at java.base/java.util.stream.ForEachOps$ForEachOp$OfRef.evaluateSequential(ForEachOps.java:173) ~[na:na]
	at java.base/java.util.stream.AbstractPipeline.evaluate(AbstractPipeline.java:234) ~[na:na]
	at java.base/java.util.stream.ReferencePipeline.forEach(ReferencePipeline.java:497) ~[na:na]
	at org.junit.platform.suite.engine.SuiteTestEngine.execute(SuiteTestEngine.java:73) ~[junit-platform-suite-engine-1.8.2.jar:1.8.2]
	at org.junit.platform.launcher.core.EngineExecutionOrchestrator.execute(EngineExecutionOrchestrator.java:107) ~[junit-platform-launcher-1.8.2.jar:1.8.2]
	at org.junit.platform.launcher.core.EngineExecutionOrchestrator.execute(EngineExecutionOrchestrator.java:88) ~[junit-platform-launcher-1.8.2.jar:1.8.2]
	at org.junit.platform.launcher.core.EngineExecutionOrchestrator.lambda$execute$0(EngineExecutionOrchestrator.java:54) ~[junit-platform-launcher-1.8.2.jar:1.8.2]
	at org.junit.platform.launcher.core.EngineExecutionOrchestrator.withInterceptedStreams(EngineExecutionOrchestrator.java:67) ~[junit-platform-launcher-1.8.2.jar:1.8.2]
	at org.junit.platform.launcher.core.EngineExecutionOrchestrator.execute(EngineExecutionOrchestrator.java:52) ~[junit-platform-launcher-1.8.2.jar:1.8.2]
	at org.junit.platform.launcher.core.DefaultLauncher.execute(DefaultLauncher.java:114) ~[junit-platform-launcher-1.8.2.jar:1.8.2]
	at org.junit.platform.launcher.core.DefaultLauncher.execute(DefaultLauncher.java:86) ~[junit-platform-launcher-1.8.2.jar:1.8.2]
	at org.junit.platform.launcher.core.DefaultLauncherSession$DelegatingLauncher.execute(DefaultLauncherSession.java:86) ~[junit-platform-launcher-1.8.2.jar:1.8.2]
	at org.junit.platform.launcher.core.SessionPerRequestLauncher.execute(SessionPerRequestLauncher.java:53) ~[junit-platform-launcher-1.8.2.jar:1.8.2]
	at org.apache.maven.surefire.junitplatform.JUnitPlatformProvider.invokeAllTests(JUnitPlatformProvider.java:150) ~[surefire-junit-platform-2.22.2.jar:2.22.2]
	at org.apache.maven.surefire.junitplatform.JUnitPlatformProvider.invoke(JUnitPlatformProvider.java:124) ~[surefire-junit-platform-2.22.2.jar:2.22.2]
	at org.apache.maven.surefire.booter.ForkedBooter.invokeProviderInSameClassLoader(ForkedBooter.java:384) ~[surefire-booter-2.22.2.jar:2.22.2]
	at org.apache.maven.surefire.booter.ForkedBooter.runSuitesInProcess(ForkedBooter.java:345) ~[surefire-booter-2.22.2.jar:2.22.2]
	at org.apache.maven.surefire.booter.ForkedBooter.execute(ForkedBooter.java:126) ~[surefire-booter-2.22.2.jar:2.22.2]
	at org.apache.maven.surefire.booter.ForkedBooter.main(ForkedBooter.java:418) ~[surefire-booter-2.22.2.jar:2.22.2]
Caused by: java.lang.NoClassDefFoundError: org/openqa/selenium/internal/Require
	at org.openqa.selenium.json.NumberCoercer.<init>(NumberCoercer.java:49) ~[selenium-json-4.1.2.jar:na]
	at org.openqa.selenium.json.JsonTypeCoercer.<init>(JsonTypeCoercer.java:71) ~[selenium-json-4.1.2.jar:na]
	at org.openqa.selenium.json.JsonTypeCoercer.<init>(JsonTypeCoercer.java:53) ~[selenium-json-4.1.2.jar:na]
	at org.openqa.selenium.json.Json.<init>(Json.java:37) ~[selenium-json-4.1.2.jar:na]
	at org.openqa.selenium.remote.NewSessionPayload.create(NewSessionPayload.java:100) ~[selenium-remote-driver-3.141.59.jar:na]
	at org.openqa.selenium.remote.NewSessionPayload.create(NewSessionPayload.java:94) ~[selenium-remote-driver-3.141.59.jar:na]
	at org.openqa.selenium.remote.ProtocolHandshake.createSession(ProtocolHandshake.java:68) ~[selenium-remote-driver-3.141.59.jar:na]
	at org.openqa.selenium.remote.HttpCommandExecutor.execute(HttpCommandExecutor.java:136) ~[selenium-remote-driver-3.141.59.jar:na]
	at org.openqa.selenium.remote.service.DriverCommandExecutor.execute(DriverCommandExecutor.java:83) ~[selenium-remote-driver-3.141.59.jar:na]
	at org.openqa.selenium.remote.RemoteWebDriver.execute(RemoteWebDriver.java:552) ~[selenium-remote-driver-3.141.59.jar:na]
	at org.openqa.selenium.remote.RemoteWebDriver.startSession(RemoteWebDriver.java:213) ~[selenium-remote-driver-3.141.59.jar:na]
	at org.openqa.selenium.remote.RemoteWebDriver.<init>(RemoteWebDriver.java:131) ~[selenium-remote-driver-3.141.59.jar:na]
	at org.openqa.selenium.firefox.FirefoxDriver.<init>(FirefoxDriver.java:147) ~[selenium-firefox-driver-3.141.59.jar:na]
	at org.openqa.selenium.firefox.FirefoxDriver.<init>(FirefoxDriver.java:125) ~[selenium-firefox-driver-3.141.59.jar:na]
	... 94 common frames omitted

2022-04-21 19:38:54.188  INFO 31515 --- [main] i.g.bonigarcia.wdm.WebDriverManager      : Using geckodriver 0.31.0 (resolved driver for Firefox 99)
2022-04-21 19:38:54.203  INFO 31515 --- [main] i.g.bonigarcia.wdm.WebDriverManager      : Exporting webdriver.gecko.driver as /home/diogo/.cache/selenium/geckodriver/linux64/0.31.0/geckodriver
2022-04-21 19:38:54.212 ERROR 31515 --- [main] i.g.bonigarcia.wdm.WebDriverManager      : There was an error creating WebDriver object for Firefox

java.lang.reflect.InvocationTargetException: null
	at java.base/jdk.internal.reflect.NativeConstructorAccessorImpl.newInstance0(Native Method) ~[na:na]
	at java.base/jdk.internal.reflect.NativeConstructorAccessorImpl.newInstance(NativeConstructorAccessorImpl.java:62) ~[na:na]
	at java.base/jdk.internal.reflect.DelegatingConstructorAccessorImpl.newInstance(DelegatingConstructorAccessorImpl.java:45) ~[na:na]
	at java.base/java.lang.reflect.Constructor.newInstance(Constructor.java:490) ~[na:na]
	at io.github.bonigarcia.wdm.webdriver.WebDriverCreator.createLocalWebDriver(WebDriverCreator.java:64) ~[webdrivermanager-5.1.0.jar:na]
	at io.github.bonigarcia.wdm.WebDriverManager.createLocalWebDriver(WebDriverManager.java:1710) ~[webdrivermanager-5.1.0.jar:na]
	at io.github.bonigarcia.wdm.WebDriverManager.instantiateDriver(WebDriverManager.java:1573) ~[webdrivermanager-5.1.0.jar:na]
	at io.github.bonigarcia.wdm.WebDriverManager.create(WebDriverManager.java:399) ~[webdrivermanager-5.1.0.jar:na]
	at tqs.hw.covidtracker.StepDefinitions.iNavigateTo(StepDefinitions.java:34) ~[test-classes/:na]
	at java.base/jdk.internal.reflect.NativeMethodAccessorImpl.invoke0(Native Method) ~[na:na]
	at java.base/jdk.internal.reflect.NativeMethodAccessorImpl.invoke(NativeMethodAccessorImpl.java:62) ~[na:na]
	at java.base/jdk.internal.reflect.DelegatingMethodAccessorImpl.invoke(DelegatingMethodAccessorImpl.java:43) ~[na:na]
	at java.base/java.lang.reflect.Method.invoke(Method.java:566) ~[na:na]
	at io.cucumber.java.Invoker.doInvoke(Invoker.java:66) ~[cucumber-java-7.2.3.jar:7.2.3]
	at io.cucumber.java.Invoker.invoke(Invoker.java:24) ~[cucumber-java-7.2.3.jar:7.2.3]
	at io.cucumber.java.AbstractGlueDefinition.invokeMethod(AbstractGlueDefinition.java:47) ~[cucumber-java-7.2.3.jar:7.2.3]
	at io.cucumber.java.JavaStepDefinition.execute(JavaStepDefinition.java:29) ~[cucumber-java-7.2.3.jar:7.2.3]
	at io.cucumber.core.runner.CoreStepDefinition.execute(CoreStepDefinition.java:66) ~[cucumber-core-7.2.3.jar:7.2.3]
	at io.cucumber.core.runner.PickleStepDefinitionMatch.runStep(PickleStepDefinitionMatch.java:63) ~[cucumber-core-7.2.3.jar:7.2.3]
	at io.cucumber.core.runner.ExecutionMode$1.execute(ExecutionMode.java:10) ~[cucumber-core-7.2.3.jar:7.2.3]
	at io.cucumber.core.runner.TestStep.executeStep(TestStep.java:86) ~[cucumber-core-7.2.3.jar:7.2.3]
	at io.cucumber.core.runner.TestStep.run(TestStep.java:57) ~[cucumber-core-7.2.3.jar:7.2.3]
	at io.cucumber.core.runner.PickleStepTestStep.run(PickleStepTestStep.java:51) ~[cucumber-core-7.2.3.jar:7.2.3]
	at io.cucumber.core.runner.TestCase.run(TestCase.java:95) ~[cucumber-core-7.2.3.jar:7.2.3]
	at io.cucumber.core.runner.Runner.runPickle(Runner.java:75) ~[cucumber-core-7.2.3.jar:7.2.3]
	at io.cucumber.junit.platform.engine.CucumberEngineExecutionContext.lambda$runTestCase$4(CucumberEngineExecutionContext.java:112) ~[cucumber-junit-platform-engine-7.2.3.jar:na]
	at io.cucumber.core.runtime.CucumberExecutionContext.lambda$runTestCase$3(CucumberExecutionContext.java:151) ~[cucumber-core-7.2.3.jar:7.2.3]
	at io.cucumber.core.runtime.RethrowingThrowableCollector.executeAndThrow(RethrowingThrowableCollector.java:23) ~[cucumber-core-7.2.3.jar:7.2.3]
	at io.cucumber.core.runtime.CucumberExecutionContext.runTestCase(CucumberExecutionContext.java:151) ~[cucumber-core-7.2.3.jar:7.2.3]
	at io.cucumber.junit.platform.engine.CucumberEngineExecutionContext.runTestCase(CucumberEngineExecutionContext.java:109) ~[cucumber-junit-platform-engine-7.2.3.jar:na]
	at io.cucumber.junit.platform.engine.PickleDescriptor.execute(PickleDescriptor.java:100) ~[cucumber-junit-platform-engine-7.2.3.jar:na]
	at io.cucumber.junit.platform.engine.PickleDescriptor.execute(PickleDescriptor.java:29) ~[cucumber-junit-platform-engine-7.2.3.jar:na]
	at org.junit.platform.engine.support.hierarchical.NodeTestTask.lambda$executeRecursively$6(NodeTestTask.java:151) ~[junit-platform-engine-1.8.2.jar:1.8.2]
	at org.junit.platform.engine.support.hierarchical.ThrowableCollector.execute(ThrowableCollector.java:73) ~[junit-platform-engine-1.8.2.jar:1.8.2]
	at org.junit.platform.engine.support.hierarchical.NodeTestTask.lambda$executeRecursively$8(NodeTestTask.java:141) ~[junit-platform-engine-1.8.2.jar:1.8.2]
	at org.junit.platform.engine.support.hierarchical.Node.around(Node.java:137) ~[junit-platform-engine-1.8.2.jar:1.8.2]
	at org.junit.platform.engine.support.hierarchical.NodeTestTask.lambda$executeRecursively$9(NodeTestTask.java:139) ~[junit-platform-engine-1.8.2.jar:1.8.2]
	at org.junit.platform.engine.support.hierarchical.ThrowableCollector.execute(ThrowableCollector.java:73) ~[junit-platform-engine-1.8.2.jar:1.8.2]
	at org.junit.platform.engine.support.hierarchical.NodeTestTask.executeRecursively(NodeTestTask.java:138) ~[junit-platform-engine-1.8.2.jar:1.8.2]
	at org.junit.platform.engine.support.hierarchical.NodeTestTask.execute(NodeTestTask.java:95) ~[junit-platform-engine-1.8.2.jar:1.8.2]
	at java.base/java.util.ArrayList.forEach(ArrayList.java:1541) ~[na:na]
	at org.junit.platform.engine.support.hierarchical.SameThreadHierarchicalTestExecutorService.invokeAll(SameThreadHierarchicalTestExecutorService.java:41) ~[junit-platform-engine-1.8.2.jar:1.8.2]
	at org.junit.platform.engine.support.hierarchical.NodeTestTask.lambda$executeRecursively$6(NodeTestTask.java:155) ~[junit-platform-engine-1.8.2.jar:1.8.2]
	at org.junit.platform.engine.support.hierarchical.ThrowableCollector.execute(ThrowableCollector.java:73) ~[junit-platform-engine-1.8.2.jar:1.8.2]
	at org.junit.platform.engine.support.hierarchical.NodeTestTask.lambda$executeRecursively$8(NodeTestTask.java:141) ~[junit-platform-engine-1.8.2.jar:1.8.2]
	at org.junit.platform.engine.support.hierarchical.Node.around(Node.java:137) ~[junit-platform-engine-1.8.2.jar:1.8.2]
	at org.junit.platform.engine.support.hierarchical.NodeTestTask.lambda$executeRecursively$9(NodeTestTask.java:139) ~[junit-platform-engine-1.8.2.jar:1.8.2]
	at org.junit.platform.engine.support.hierarchical.ThrowableCollector.execute(ThrowableCollector.java:73) ~[junit-platform-engine-1.8.2.jar:1.8.2]
	at org.junit.platform.engine.support.hierarchical.NodeTestTask.executeRecursively(NodeTestTask.java:138) ~[junit-platform-engine-1.8.2.jar:1.8.2]
	at org.junit.platform.engine.support.hierarchical.NodeTestTask.execute(NodeTestTask.java:95) ~[junit-platform-engine-1.8.2.jar:1.8.2]
	at java.base/java.util.ArrayList.forEach(ArrayList.java:1541) ~[na:na]
	at org.junit.platform.engine.support.hierarchical.SameThreadHierarchicalTestExecutorService.invokeAll(SameThreadHierarchicalTestExecutorService.java:41) ~[junit-platform-engine-1.8.2.jar:1.8.2]
	at org.junit.platform.engine.support.hierarchical.NodeTestTask.lambda$executeRecursively$6(NodeTestTask.java:155) ~[junit-platform-engine-1.8.2.jar:1.8.2]
	at org.junit.platform.engine.support.hierarchical.ThrowableCollector.execute(ThrowableCollector.java:73) ~[junit-platform-engine-1.8.2.jar:1.8.2]
	at org.junit.platform.engine.support.hierarchical.NodeTestTask.lambda$executeRecursively$8(NodeTestTask.java:141) ~[junit-platform-engine-1.8.2.jar:1.8.2]
	at org.junit.platform.engine.support.hierarchical.Node.around(Node.java:137) ~[junit-platform-engine-1.8.2.jar:1.8.2]
	at org.junit.platform.engine.support.hierarchical.NodeTestTask.lambda$executeRecursively$9(NodeTestTask.java:139) ~[junit-platform-engine-1.8.2.jar:1.8.2]
	at org.junit.platform.engine.support.hierarchical.ThrowableCollector.execute(ThrowableCollector.java:73) ~[junit-platform-engine-1.8.2.jar:1.8.2]
	at org.junit.platform.engine.support.hierarchical.NodeTestTask.executeRecursively(NodeTestTask.java:138) ~[junit-platform-engine-1.8.2.jar:1.8.2]
	at org.junit.platform.engine.support.hierarchical.NodeTestTask.execute(NodeTestTask.java:95) ~[junit-platform-engine-1.8.2.jar:1.8.2]
	at org.junit.platform.engine.support.hierarchical.SameThreadHierarchicalTestExecutorService.submit(SameThreadHierarchicalTestExecutorService.java:35) ~[junit-platform-engine-1.8.2.jar:1.8.2]
	at org.junit.platform.engine.support.hierarchical.HierarchicalTestExecutor.execute(HierarchicalTestExecutor.java:57) ~[junit-platform-engine-1.8.2.jar:1.8.2]
	at org.junit.platform.engine.support.hierarchical.HierarchicalTestEngine.execute(HierarchicalTestEngine.java:54) ~[junit-platform-engine-1.8.2.jar:1.8.2]
	at org.junit.platform.launcher.core.EngineExecutionOrchestrator.execute(EngineExecutionOrchestrator.java:107) ~[junit-platform-launcher-1.8.2.jar:1.8.2]
	at org.junit.platform.launcher.core.EngineExecutionOrchestrator.execute(EngineExecutionOrchestrator.java:88) ~[junit-platform-launcher-1.8.2.jar:1.8.2]
	at org.junit.platform.suite.engine.SuiteLauncher.execute(SuiteLauncher.java:59) ~[junit-platform-suite-engine-1.8.2.jar:1.8.2]
	at org.junit.platform.suite.engine.SuiteTestDescriptor.execute(SuiteTestDescriptor.java:130) ~[junit-platform-suite-engine-1.8.2.jar:1.8.2]
	at org.junit.platform.suite.engine.SuiteTestEngine.lambda$execute$0(SuiteTestEngine.java:73) ~[junit-platform-suite-engine-1.8.2.jar:1.8.2]
	at java.base/java.util.stream.ForEachOps$ForEachOp$OfRef.accept(ForEachOps.java:183) ~[na:na]
	at java.base/java.util.stream.ReferencePipeline$3$1.accept(ReferencePipeline.java:195) ~[na:na]
	at java.base/java.util.Iterator.forEachRemaining(Iterator.java:133) ~[na:na]
	at java.base/java.util.Spliterators$IteratorSpliterator.forEachRemaining(Spliterators.java:1801) ~[na:na]
	at java.base/java.util.stream.AbstractPipeline.copyInto(AbstractPipeline.java:484) ~[na:na]
	at java.base/java.util.stream.AbstractPipeline.wrapAndCopyInto(AbstractPipeline.java:474) ~[na:na]
	at java.base/java.util.stream.ForEachOps$ForEachOp.evaluateSequential(ForEachOps.java:150) ~[na:na]
	at java.base/java.util.stream.ForEachOps$ForEachOp$OfRef.evaluateSequential(ForEachOps.java:173) ~[na:na]
	at java.base/java.util.stream.AbstractPipeline.evaluate(AbstractPipeline.java:234) ~[na:na]
	at java.base/java.util.stream.ReferencePipeline.forEach(ReferencePipeline.java:497) ~[na:na]
	at org.junit.platform.suite.engine.SuiteTestEngine.execute(SuiteTestEngine.java:73) ~[junit-platform-suite-engine-1.8.2.jar:1.8.2]
	at org.junit.platform.launcher.core.EngineExecutionOrchestrator.execute(EngineExecutionOrchestrator.java:107) ~[junit-platform-launcher-1.8.2.jar:1.8.2]
	at org.junit.platform.launcher.core.EngineExecutionOrchestrator.execute(EngineExecutionOrchestrator.java:88) ~[junit-platform-launcher-1.8.2.jar:1.8.2]
	at org.junit.platform.launcher.core.EngineExecutionOrchestrator.lambda$execute$0(EngineExecutionOrchestrator.java:54) ~[junit-platform-launcher-1.8.2.jar:1.8.2]
	at org.junit.platform.launcher.core.EngineExecutionOrchestrator.withInterceptedStreams(EngineExecutionOrchestrator.java:67) ~[junit-platform-launcher-1.8.2.jar:1.8.2]
	at org.junit.platform.launcher.core.EngineExecutionOrchestrator.execute(EngineExecutionOrchestrator.java:52) ~[junit-platform-launcher-1.8.2.jar:1.8.2]
	at org.junit.platform.launcher.core.DefaultLauncher.execute(DefaultLauncher.java:114) ~[junit-platform-launcher-1.8.2.jar:1.8.2]
	at org.junit.platform.launcher.core.DefaultLauncher.execute(DefaultLauncher.java:86) ~[junit-platform-launcher-1.8.2.jar:1.8.2]
	at org.junit.platform.launcher.core.DefaultLauncherSession$DelegatingLauncher.execute(DefaultLauncherSession.java:86) ~[junit-platform-launcher-1.8.2.jar:1.8.2]
	at org.junit.platform.launcher.core.SessionPerRequestLauncher.execute(SessionPerRequestLauncher.java:53) ~[junit-platform-launcher-1.8.2.jar:1.8.2]
	at org.apache.maven.surefire.junitplatform.JUnitPlatformProvider.invokeAllTests(JUnitPlatformProvider.java:150) ~[surefire-junit-platform-2.22.2.jar:2.22.2]
	at org.apache.maven.surefire.junitplatform.JUnitPlatformProvider.invoke(JUnitPlatformProvider.java:124) ~[surefire-junit-platform-2.22.2.jar:2.22.2]
	at org.apache.maven.surefire.booter.ForkedBooter.invokeProviderInSameClassLoader(ForkedBooter.java:384) ~[surefire-booter-2.22.2.jar:2.22.2]
	at org.apache.maven.surefire.booter.ForkedBooter.runSuitesInProcess(ForkedBooter.java:345) ~[surefire-booter-2.22.2.jar:2.22.2]
	at org.apache.maven.surefire.booter.ForkedBooter.execute(ForkedBooter.java:126) ~[surefire-booter-2.22.2.jar:2.22.2]
	at org.apache.maven.surefire.booter.ForkedBooter.main(ForkedBooter.java:418) ~[surefire-booter-2.22.2.jar:2.22.2]
Caused by: java.lang.NoClassDefFoundError: org/openqa/selenium/internal/Require
	at org.openqa.selenium.json.NumberCoercer.<init>(NumberCoercer.java:49) ~[selenium-json-4.1.2.jar:na]
	at org.openqa.selenium.json.JsonTypeCoercer.<init>(JsonTypeCoercer.java:71) ~[selenium-json-4.1.2.jar:na]
	at org.openqa.selenium.json.JsonTypeCoercer.<init>(JsonTypeCoercer.java:53) ~[selenium-json-4.1.2.jar:na]
	at org.openqa.selenium.json.Json.<init>(Json.java:37) ~[selenium-json-4.1.2.jar:na]
	at org.openqa.selenium.remote.NewSessionPayload.create(NewSessionPayload.java:100) ~[selenium-remote-driver-3.141.59.jar:na]
	at org.openqa.selenium.remote.NewSessionPayload.create(NewSessionPayload.java:94) ~[selenium-remote-driver-3.141.59.jar:na]
	at org.openqa.selenium.remote.ProtocolHandshake.createSession(ProtocolHandshake.java:68) ~[selenium-remote-driver-3.141.59.jar:na]
	at org.openqa.selenium.remote.HttpCommandExecutor.execute(HttpCommandExecutor.java:136) ~[selenium-remote-driver-3.141.59.jar:na]
	at org.openqa.selenium.remote.service.DriverCommandExecutor.execute(DriverCommandExecutor.java:83) ~[selenium-remote-driver-3.141.59.jar:na]
	at org.openqa.selenium.remote.RemoteWebDriver.execute(RemoteWebDriver.java:552) ~[selenium-remote-driver-3.141.59.jar:na]
	at org.openqa.selenium.remote.RemoteWebDriver.startSession(RemoteWebDriver.java:213) ~[selenium-remote-driver-3.141.59.jar:na]
	at org.openqa.selenium.remote.RemoteWebDriver.<init>(RemoteWebDriver.java:131) ~[selenium-remote-driver-3.141.59.jar:na]
	at org.openqa.selenium.firefox.FirefoxDriver.<init>(FirefoxDriver.java:147) ~[selenium-firefox-driver-3.141.59.jar:na]
	at org.openqa.selenium.firefox.FirefoxDriver.<init>(FirefoxDriver.java:125) ~[selenium-firefox-driver-3.141.59.jar:na]
	... 94 common frames omitted

2022-04-21 19:38:54.242  INFO 31515 --- [main] i.g.bonigarcia.wdm.WebDriverManager      : Using geckodriver 0.31.0 (resolved driver for Firefox 99)
2022-04-21 19:38:54.253  INFO 31515 --- [main] i.g.bonigarcia.wdm.WebDriverManager      : Exporting webdriver.gecko.driver as /home/diogo/.cache/selenium/geckodriver/linux64/0.31.0/geckodriver
2022-04-21 19:38:54.259 ERROR 31515 --- [main] i.g.bonigarcia.wdm.WebDriverManager      : There was an error creating WebDriver object for Firefox

java.lang.reflect.InvocationTargetException: null
	at java.base/jdk.internal.reflect.NativeConstructorAccessorImpl.newInstance0(Native Method) ~[na:na]
	at java.base/jdk.internal.reflect.NativeConstructorAccessorImpl.newInstance(NativeConstructorAccessorImpl.java:62) ~[na:na]
	at java.base/jdk.internal.reflect.DelegatingConstructorAccessorImpl.newInstance(DelegatingConstructorAccessorImpl.java:45) ~[na:na]
	at java.base/java.lang.reflect.Constructor.newInstance(Constructor.java:490) ~[na:na]
	at io.github.bonigarcia.wdm.webdriver.WebDriverCreator.createLocalWebDriver(WebDriverCreator.java:64) ~[webdrivermanager-5.1.0.jar:na]
	at io.github.bonigarcia.wdm.WebDriverManager.createLocalWebDriver(WebDriverManager.java:1710) ~[webdrivermanager-5.1.0.jar:na]
	at io.github.bonigarcia.wdm.WebDriverManager.instantiateDriver(WebDriverManager.java:1573) ~[webdrivermanager-5.1.0.jar:na]
	at io.github.bonigarcia.wdm.WebDriverManager.create(WebDriverManager.java:399) ~[webdrivermanager-5.1.0.jar:na]
	at tqs.hw.covidtracker.StepDefinitions.iNavigateTo(StepDefinitions.java:34) ~[test-classes/:na]
	at java.base/jdk.internal.reflect.NativeMethodAccessorImpl.invoke0(Native Method) ~[na:na]
	at java.base/jdk.internal.reflect.NativeMethodAccessorImpl.invoke(NativeMethodAccessorImpl.java:62) ~[na:na]
	at java.base/jdk.internal.reflect.DelegatingMethodAccessorImpl.invoke(DelegatingMethodAccessorImpl.java:43) ~[na:na]
	at java.base/java.lang.reflect.Method.invoke(Method.java:566) ~[na:na]
	at io.cucumber.java.Invoker.doInvoke(Invoker.java:66) ~[cucumber-java-7.2.3.jar:7.2.3]
	at io.cucumber.java.Invoker.invoke(Invoker.java:24) ~[cucumber-java-7.2.3.jar:7.2.3]
	at io.cucumber.java.AbstractGlueDefinition.invokeMethod(AbstractGlueDefinition.java:47) ~[cucumber-java-7.2.3.jar:7.2.3]
	at io.cucumber.java.JavaStepDefinition.execute(JavaStepDefinition.java:29) ~[cucumber-java-7.2.3.jar:7.2.3]
	at io.cucumber.core.runner.CoreStepDefinition.execute(CoreStepDefinition.java:66) ~[cucumber-core-7.2.3.jar:7.2.3]
	at io.cucumber.core.runner.PickleStepDefinitionMatch.runStep(PickleStepDefinitionMatch.java:63) ~[cucumber-core-7.2.3.jar:7.2.3]
	at io.cucumber.core.runner.ExecutionMode$1.execute(ExecutionMode.java:10) ~[cucumber-core-7.2.3.jar:7.2.3]
	at io.cucumber.core.runner.TestStep.executeStep(TestStep.java:86) ~[cucumber-core-7.2.3.jar:7.2.3]
	at io.cucumber.core.runner.TestStep.run(TestStep.java:57) ~[cucumber-core-7.2.3.jar:7.2.3]
	at io.cucumber.core.runner.PickleStepTestStep.run(PickleStepTestStep.java:51) ~[cucumber-core-7.2.3.jar:7.2.3]
	at io.cucumber.core.runner.TestCase.run(TestCase.java:95) ~[cucumber-core-7.2.3.jar:7.2.3]
	at io.cucumber.core.runner.Runner.runPickle(Runner.java:75) ~[cucumber-core-7.2.3.jar:7.2.3]
	at io.cucumber.junit.platform.engine.CucumberEngineExecutionContext.lambda$runTestCase$4(CucumberEngineExecutionContext.java:112) ~[cucumber-junit-platform-engine-7.2.3.jar:na]
	at io.cucumber.core.runtime.CucumberExecutionContext.lambda$runTestCase$3(CucumberExecutionContext.java:151) ~[cucumber-core-7.2.3.jar:7.2.3]
	at io.cucumber.core.runtime.RethrowingThrowableCollector.executeAndThrow(RethrowingThrowableCollector.java:23) ~[cucumber-core-7.2.3.jar:7.2.3]
	at io.cucumber.core.runtime.CucumberExecutionContext.runTestCase(CucumberExecutionContext.java:151) ~[cucumber-core-7.2.3.jar:7.2.3]
	at io.cucumber.junit.platform.engine.CucumberEngineExecutionContext.runTestCase(CucumberEngineExecutionContext.java:109) ~[cucumber-junit-platform-engine-7.2.3.jar:na]
	at io.cucumber.junit.platform.engine.PickleDescriptor.execute(PickleDescriptor.java:100) ~[cucumber-junit-platform-engine-7.2.3.jar:na]
	at io.cucumber.junit.platform.engine.PickleDescriptor.execute(PickleDescriptor.java:29) ~[cucumber-junit-platform-engine-7.2.3.jar:na]
	at org.junit.platform.engine.support.hierarchical.NodeTestTask.lambda$executeRecursively$6(NodeTestTask.java:151) ~[junit-platform-engine-1.8.2.jar:1.8.2]
	at org.junit.platform.engine.support.hierarchical.ThrowableCollector.execute(ThrowableCollector.java:73) ~[junit-platform-engine-1.8.2.jar:1.8.2]
	at org.junit.platform.engine.support.hierarchical.NodeTestTask.lambda$executeRecursively$8(NodeTestTask.java:141) ~[junit-platform-engine-1.8.2.jar:1.8.2]
	at org.junit.platform.engine.support.hierarchical.Node.around(Node.java:137) ~[junit-platform-engine-1.8.2.jar:1.8.2]
	at org.junit.platform.engine.support.hierarchical.NodeTestTask.lambda$executeRecursively$9(NodeTestTask.java:139) ~[junit-platform-engine-1.8.2.jar:1.8.2]
	at org.junit.platform.engine.support.hierarchical.ThrowableCollector.execute(ThrowableCollector.java:73) ~[junit-platform-engine-1.8.2.jar:1.8.2]
	at org.junit.platform.engine.support.hierarchical.NodeTestTask.executeRecursively(NodeTestTask.java:138) ~[junit-platform-engine-1.8.2.jar:1.8.2]
	at org.junit.platform.engine.support.hierarchical.NodeTestTask.execute(NodeTestTask.java:95) ~[junit-platform-engine-1.8.2.jar:1.8.2]
	at java.base/java.util.ArrayList.forEach(ArrayList.java:1541) ~[na:na]
	at org.junit.platform.engine.support.hierarchical.SameThreadHierarchicalTestExecutorService.invokeAll(SameThreadHierarchicalTestExecutorService.java:41) ~[junit-platform-engine-1.8.2.jar:1.8.2]
	at org.junit.platform.engine.support.hierarchical.NodeTestTask.lambda$executeRecursively$6(NodeTestTask.java:155) ~[junit-platform-engine-1.8.2.jar:1.8.2]
	at org.junit.platform.engine.support.hierarchical.ThrowableCollector.execute(ThrowableCollector.java:73) ~[junit-platform-engine-1.8.2.jar:1.8.2]
	at org.junit.platform.engine.support.hierarchical.NodeTestTask.lambda$executeRecursively$8(NodeTestTask.java:141) ~[junit-platform-engine-1.8.2.jar:1.8.2]
	at org.junit.platform.engine.support.hierarchical.Node.around(Node.java:137) ~[junit-platform-engine-1.8.2.jar:1.8.2]
	at org.junit.platform.engine.support.hierarchical.NodeTestTask.lambda$executeRecursively$9(NodeTestTask.java:139) ~[junit-platform-engine-1.8.2.jar:1.8.2]
	at org.junit.platform.engine.support.hierarchical.ThrowableCollector.execute(ThrowableCollector.java:73) ~[junit-platform-engine-1.8.2.jar:1.8.2]
	at org.junit.platform.engine.support.hierarchical.NodeTestTask.executeRecursively(NodeTestTask.java:138) ~[junit-platform-engine-1.8.2.jar:1.8.2]
	at org.junit.platform.engine.support.hierarchical.NodeTestTask.execute(NodeTestTask.java:95) ~[junit-platform-engine-1.8.2.jar:1.8.2]
	at java.base/java.util.ArrayList.forEach(ArrayList.java:1541) ~[na:na]
	at org.junit.platform.engine.support.hierarchical.SameThreadHierarchicalTestExecutorService.invokeAll(SameThreadHierarchicalTestExecutorService.java:41) ~[junit-platform-engine-1.8.2.jar:1.8.2]
	at org.junit.platform.engine.support.hierarchical.NodeTestTask.lambda$executeRecursively$6(NodeTestTask.java:155) ~[junit-platform-engine-1.8.2.jar:1.8.2]
	at org.junit.platform.engine.support.hierarchical.ThrowableCollector.execute(ThrowableCollector.java:73) ~[junit-platform-engine-1.8.2.jar:1.8.2]
	at org.junit.platform.engine.support.hierarchical.NodeTestTask.lambda$executeRecursively$8(NodeTestTask.java:141) ~[junit-platform-engine-1.8.2.jar:1.8.2]
	at org.junit.platform.engine.support.hierarchical.Node.around(Node.java:137) ~[junit-platform-engine-1.8.2.jar:1.8.2]
	at org.junit.platform.engine.support.hierarchical.NodeTestTask.lambda$executeRecursively$9(NodeTestTask.java:139) ~[junit-platform-engine-1.8.2.jar:1.8.2]
	at org.junit.platform.engine.support.hierarchical.ThrowableCollector.execute(ThrowableCollector.java:73) ~[junit-platform-engine-1.8.2.jar:1.8.2]
	at org.junit.platform.engine.support.hierarchical.NodeTestTask.executeRecursively(NodeTestTask.java:138) ~[junit-platform-engine-1.8.2.jar:1.8.2]
	at org.junit.platform.engine.support.hierarchical.NodeTestTask.execute(NodeTestTask.java:95) ~[junit-platform-engine-1.8.2.jar:1.8.2]
	at org.junit.platform.engine.support.hierarchical.SameThreadHierarchicalTestExecutorService.submit(SameThreadHierarchicalTestExecutorService.java:35) ~[junit-platform-engine-1.8.2.jar:1.8.2]
	at org.junit.platform.engine.support.hierarchical.HierarchicalTestExecutor.execute(HierarchicalTestExecutor.java:57) ~[junit-platform-engine-1.8.2.jar:1.8.2]
	at org.junit.platform.engine.support.hierarchical.HierarchicalTestEngine.execute(HierarchicalTestEngine.java:54) ~[junit-platform-engine-1.8.2.jar:1.8.2]
	at org.junit.platform.launcher.core.EngineExecutionOrchestrator.execute(EngineExecutionOrchestrator.java:107) ~[junit-platform-launcher-1.8.2.jar:1.8.2]
	at org.junit.platform.launcher.core.EngineExecutionOrchestrator.execute(EngineExecutionOrchestrator.java:88) ~[junit-platform-launcher-1.8.2.jar:1.8.2]
	at org.junit.platform.suite.engine.SuiteLauncher.execute(SuiteLauncher.java:59) ~[junit-platform-suite-engine-1.8.2.jar:1.8.2]
	at org.junit.platform.suite.engine.SuiteTestDescriptor.execute(SuiteTestDescriptor.java:130) ~[junit-platform-suite-engine-1.8.2.jar:1.8.2]
	at org.junit.platform.suite.engine.SuiteTestEngine.lambda$execute$0(SuiteTestEngine.java:73) ~[junit-platform-suite-engine-1.8.2.jar:1.8.2]
	at java.base/java.util.stream.ForEachOps$ForEachOp$OfRef.accept(ForEachOps.java:183) ~[na:na]
	at java.base/java.util.stream.ReferencePipeline$3$1.accept(ReferencePipeline.java:195) ~[na:na]
	at java.base/java.util.Iterator.forEachRemaining(Iterator.java:133) ~[na:na]
	at java.base/java.util.Spliterators$IteratorSpliterator.forEachRemaining(Spliterators.java:1801) ~[na:na]
	at java.base/java.util.stream.AbstractPipeline.copyInto(AbstractPipeline.java:484) ~[na:na]
	at java.base/java.util.stream.AbstractPipeline.wrapAndCopyInto(AbstractPipeline.java:474) ~[na:na]
	at java.base/java.util.stream.ForEachOps$ForEachOp.evaluateSequential(ForEachOps.java:150) ~[na:na]
	at java.base/java.util.stream.ForEachOps$ForEachOp$OfRef.evaluateSequential(ForEachOps.java:173) ~[na:na]
	at java.base/java.util.stream.AbstractPipeline.evaluate(AbstractPipeline.java:234) ~[na:na]
	at java.base/java.util.stream.ReferencePipeline.forEach(ReferencePipeline.java:497) ~[na:na]
	at org.junit.platform.suite.engine.SuiteTestEngine.execute(SuiteTestEngine.java:73) ~[junit-platform-suite-engine-1.8.2.jar:1.8.2]
	at org.junit.platform.launcher.core.EngineExecutionOrchestrator.execute(EngineExecutionOrchestrator.java:107) ~[junit-platform-launcher-1.8.2.jar:1.8.2]
	at org.junit.platform.launcher.core.EngineExecutionOrchestrator.execute(EngineExecutionOrchestrator.java:88) ~[junit-platform-launcher-1.8.2.jar:1.8.2]
	at org.junit.platform.launcher.core.EngineExecutionOrchestrator.lambda$execute$0(EngineExecutionOrchestrator.java:54) ~[junit-platform-launcher-1.8.2.jar:1.8.2]
	at org.junit.platform.launcher.core.EngineExecutionOrchestrator.withInterceptedStreams(EngineExecutionOrchestrator.java:67) ~[junit-platform-launcher-1.8.2.jar:1.8.2]
	at org.junit.platform.launcher.core.EngineExecutionOrchestrator.execute(EngineExecutionOrchestrator.java:52) ~[junit-platform-launcher-1.8.2.jar:1.8.2]
	at org.junit.platform.launcher.core.DefaultLauncher.execute(DefaultLauncher.java:114) ~[junit-platform-launcher-1.8.2.jar:1.8.2]
	at org.junit.platform.launcher.core.DefaultLauncher.execute(DefaultLauncher.java:86) ~[junit-platform-launcher-1.8.2.jar:1.8.2]
	at org.junit.platform.launcher.core.DefaultLauncherSession$DelegatingLauncher.execute(DefaultLauncherSession.java:86) ~[junit-platform-launcher-1.8.2.jar:1.8.2]
	at org.junit.platform.launcher.core.SessionPerRequestLauncher.execute(SessionPerRequestLauncher.java:53) ~[junit-platform-launcher-1.8.2.jar:1.8.2]
	at org.apache.maven.surefire.junitplatform.JUnitPlatformProvider.invokeAllTests(JUnitPlatformProvider.java:150) ~[surefire-junit-platform-2.22.2.jar:2.22.2]
	at org.apache.maven.surefire.junitplatform.JUnitPlatformProvider.invoke(JUnitPlatformProvider.java:124) ~[surefire-junit-platform-2.22.2.jar:2.22.2]
	at org.apache.maven.surefire.booter.ForkedBooter.invokeProviderInSameClassLoader(ForkedBooter.java:384) ~[surefire-booter-2.22.2.jar:2.22.2]
	at org.apache.maven.surefire.booter.ForkedBooter.runSuitesInProcess(ForkedBooter.java:345) ~[surefire-booter-2.22.2.jar:2.22.2]
	at org.apache.maven.surefire.booter.ForkedBooter.execute(ForkedBooter.java:126) ~[surefire-booter-2.22.2.jar:2.22.2]
	at org.apache.maven.surefire.booter.ForkedBooter.main(ForkedBooter.java:418) ~[surefire-booter-2.22.2.jar:2.22.2]
Caused by: java.lang.NoClassDefFoundError: org/openqa/selenium/internal/Require
	at org.openqa.selenium.json.NumberCoercer.<init>(NumberCoercer.java:49) ~[selenium-json-4.1.2.jar:na]
	at org.openqa.selenium.json.JsonTypeCoercer.<init>(JsonTypeCoercer.java:71) ~[selenium-json-4.1.2.jar:na]
	at org.openqa.selenium.json.JsonTypeCoercer.<init>(JsonTypeCoercer.java:53) ~[selenium-json-4.1.2.jar:na]
	at org.openqa.selenium.json.Json.<init>(Json.java:37) ~[selenium-json-4.1.2.jar:na]
	at org.openqa.selenium.remote.NewSessionPayload.create(NewSessionPayload.java:100) ~[selenium-remote-driver-3.141.59.jar:na]
	at org.openqa.selenium.remote.NewSessionPayload.create(NewSessionPayload.java:94) ~[selenium-remote-driver-3.141.59.jar:na]
	at org.openqa.selenium.remote.ProtocolHandshake.createSession(ProtocolHandshake.java:68) ~[selenium-remote-driver-3.141.59.jar:na]
	at org.openqa.selenium.remote.HttpCommandExecutor.execute(HttpCommandExecutor.java:136) ~[selenium-remote-driver-3.141.59.jar:na]
	at org.openqa.selenium.remote.service.DriverCommandExecutor.execute(DriverCommandExecutor.java:83) ~[selenium-remote-driver-3.141.59.jar:na]
	at org.openqa.selenium.remote.RemoteWebDriver.execute(RemoteWebDriver.java:552) ~[selenium-remote-driver-3.141.59.jar:na]
	at org.openqa.selenium.remote.RemoteWebDriver.startSession(RemoteWebDriver.java:213) ~[selenium-remote-driver-3.141.59.jar:na]
	at org.openqa.selenium.remote.RemoteWebDriver.<init>(RemoteWebDriver.java:131) ~[selenium-remote-driver-3.141.59.jar:na]
	at org.openqa.selenium.firefox.FirefoxDriver.<init>(FirefoxDriver.java:147) ~[selenium-firefox-driver-3.141.59.jar:na]
	at org.openqa.selenium.firefox.FirefoxDriver.<init>(FirefoxDriver.java:125) ~[selenium-firefox-driver-3.141.59.jar:na]
	... 94 common frames omitted

2022-04-21 19:38:54.286  INFO 31515 --- [main] i.g.bonigarcia.wdm.WebDriverManager      : Using geckodriver 0.31.0 (resolved driver for Firefox 99)
2022-04-21 19:38:54.294  INFO 31515 --- [main] i.g.bonigarcia.wdm.WebDriverManager      : Exporting webdriver.gecko.driver as /home/diogo/.cache/selenium/geckodriver/linux64/0.31.0/geckodriver
2022-04-21 19:38:54.302 ERROR 31515 --- [main] i.g.bonigarcia.wdm.WebDriverManager      : There was an error creating WebDriver object for Firefox

java.lang.reflect.InvocationTargetException: null
	at java.base/jdk.internal.reflect.NativeConstructorAccessorImpl.newInstance0(Native Method) ~[na:na]
	at java.base/jdk.internal.reflect.NativeConstructorAccessorImpl.newInstance(NativeConstructorAccessorImpl.java:62) ~[na:na]
	at java.base/jdk.internal.reflect.DelegatingConstructorAccessorImpl.newInstance(DelegatingConstructorAccessorImpl.java:45) ~[na:na]
	at java.base/java.lang.reflect.Constructor.newInstance(Constructor.java:490) ~[na:na]
	at io.github.bonigarcia.wdm.webdriver.WebDriverCreator.createLocalWebDriver(WebDriverCreator.java:64) ~[webdrivermanager-5.1.0.jar:na]
	at io.github.bonigarcia.wdm.WebDriverManager.createLocalWebDriver(WebDriverManager.java:1710) ~[webdrivermanager-5.1.0.jar:na]
	at io.github.bonigarcia.wdm.WebDriverManager.instantiateDriver(WebDriverManager.java:1573) ~[webdrivermanager-5.1.0.jar:na]
	at io.github.bonigarcia.wdm.WebDriverManager.create(WebDriverManager.java:399) ~[webdrivermanager-5.1.0.jar:na]
	at tqs.hw.covidtracker.StepDefinitions.iNavigateTo(StepDefinitions.java:34) ~[test-classes/:na]
	at java.base/jdk.internal.reflect.NativeMethodAccessorImpl.invoke0(Native Method) ~[na:na]
	at java.base/jdk.internal.reflect.NativeMethodAccessorImpl.invoke(NativeMethodAccessorImpl.java:62) ~[na:na]
	at java.base/jdk.internal.reflect.DelegatingMethodAccessorImpl.invoke(DelegatingMethodAccessorImpl.java:43) ~[na:na]
	at java.base/java.lang.reflect.Method.invoke(Method.java:566) ~[na:na]
	at io.cucumber.java.Invoker.doInvoke(Invoker.java:66) ~[cucumber-java-7.2.3.jar:7.2.3]
	at io.cucumber.java.Invoker.invoke(Invoker.java:24) ~[cucumber-java-7.2.3.jar:7.2.3]
	at io.cucumber.java.AbstractGlueDefinition.invokeMethod(AbstractGlueDefinition.java:47) ~[cucumber-java-7.2.3.jar:7.2.3]
	at io.cucumber.java.JavaStepDefinition.execute(JavaStepDefinition.java:29) ~[cucumber-java-7.2.3.jar:7.2.3]
	at io.cucumber.core.runner.CoreStepDefinition.execute(CoreStepDefinition.java:66) ~[cucumber-core-7.2.3.jar:7.2.3]
	at io.cucumber.core.runner.PickleStepDefinitionMatch.runStep(PickleStepDefinitionMatch.java:63) ~[cucumber-core-7.2.3.jar:7.2.3]
	at io.cucumber.core.runner.ExecutionMode$1.execute(ExecutionMode.java:10) ~[cucumber-core-7.2.3.jar:7.2.3]
	at io.cucumber.core.runner.TestStep.executeStep(TestStep.java:86) ~[cucumber-core-7.2.3.jar:7.2.3]
	at io.cucumber.core.runner.TestStep.run(TestStep.java:57) ~[cucumber-core-7.2.3.jar:7.2.3]
	at io.cucumber.core.runner.PickleStepTestStep.run(PickleStepTestStep.java:51) ~[cucumber-core-7.2.3.jar:7.2.3]
	at io.cucumber.core.runner.TestCase.run(TestCase.java:95) ~[cucumber-core-7.2.3.jar:7.2.3]
	at io.cucumber.core.runner.Runner.runPickle(Runner.java:75) ~[cucumber-core-7.2.3.jar:7.2.3]
	at io.cucumber.junit.platform.engine.CucumberEngineExecutionContext.lambda$runTestCase$4(CucumberEngineExecutionContext.java:112) ~[cucumber-junit-platform-engine-7.2.3.jar:na]
	at io.cucumber.core.runtime.CucumberExecutionContext.lambda$runTestCase$3(CucumberExecutionContext.java:151) ~[cucumber-core-7.2.3.jar:7.2.3]
	at io.cucumber.core.runtime.RethrowingThrowableCollector.executeAndThrow(RethrowingThrowableCollector.java:23) ~[cucumber-core-7.2.3.jar:7.2.3]
	at io.cucumber.core.runtime.CucumberExecutionContext.runTestCase(CucumberExecutionContext.java:151) ~[cucumber-core-7.2.3.jar:7.2.3]
	at io.cucumber.junit.platform.engine.CucumberEngineExecutionContext.runTestCase(CucumberEngineExecutionContext.java:109) ~[cucumber-junit-platform-engine-7.2.3.jar:na]
	at io.cucumber.junit.platform.engine.PickleDescriptor.execute(PickleDescriptor.java:100) ~[cucumber-junit-platform-engine-7.2.3.jar:na]
	at io.cucumber.junit.platform.engine.PickleDescriptor.execute(PickleDescriptor.java:29) ~[cucumber-junit-platform-engine-7.2.3.jar:na]
	at org.junit.platform.engine.support.hierarchical.NodeTestTask.lambda$executeRecursively$6(NodeTestTask.java:151) ~[junit-platform-engine-1.8.2.jar:1.8.2]
	at org.junit.platform.engine.support.hierarchical.ThrowableCollector.execute(ThrowableCollector.java:73) ~[junit-platform-engine-1.8.2.jar:1.8.2]
	at org.junit.platform.engine.support.hierarchical.NodeTestTask.lambda$executeRecursively$8(NodeTestTask.java:141) ~[junit-platform-engine-1.8.2.jar:1.8.2]
	at org.junit.platform.engine.support.hierarchical.Node.around(Node.java:137) ~[junit-platform-engine-1.8.2.jar:1.8.2]
	at org.junit.platform.engine.support.hierarchical.NodeTestTask.lambda$executeRecursively$9(NodeTestTask.java:139) ~[junit-platform-engine-1.8.2.jar:1.8.2]
	at org.junit.platform.engine.support.hierarchical.ThrowableCollector.execute(ThrowableCollector.java:73) ~[junit-platform-engine-1.8.2.jar:1.8.2]
	at org.junit.platform.engine.support.hierarchical.NodeTestTask.executeRecursively(NodeTestTask.java:138) ~[junit-platform-engine-1.8.2.jar:1.8.2]
	at org.junit.platform.engine.support.hierarchical.NodeTestTask.execute(NodeTestTask.java:95) ~[junit-platform-engine-1.8.2.jar:1.8.2]
	at java.base/java.util.ArrayList.forEach(ArrayList.java:1541) ~[na:na]
	at org.junit.platform.engine.support.hierarchical.SameThreadHierarchicalTestExecutorService.invokeAll(SameThreadHierarchicalTestExecutorService.java:41) ~[junit-platform-engine-1.8.2.jar:1.8.2]
	at org.junit.platform.engine.support.hierarchical.NodeTestTask.lambda$executeRecursively$6(NodeTestTask.java:155) ~[junit-platform-engine-1.8.2.jar:1.8.2]
	at org.junit.platform.engine.support.hierarchical.ThrowableCollector.execute(ThrowableCollector.java:73) ~[junit-platform-engine-1.8.2.jar:1.8.2]
	at org.junit.platform.engine.support.hierarchical.NodeTestTask.lambda$executeRecursively$8(NodeTestTask.java:141) ~[junit-platform-engine-1.8.2.jar:1.8.2]
	at org.junit.platform.engine.support.hierarchical.Node.around(Node.java:137) ~[junit-platform-engine-1.8.2.jar:1.8.2]
	at org.junit.platform.engine.support.hierarchical.NodeTestTask.lambda$executeRecursively$9(NodeTestTask.java:139) ~[junit-platform-engine-1.8.2.jar:1.8.2]
	at org.junit.platform.engine.support.hierarchical.ThrowableCollector.execute(ThrowableCollector.java:73) ~[junit-platform-engine-1.8.2.jar:1.8.2]
	at org.junit.platform.engine.support.hierarchical.NodeTestTask.executeRecursively(NodeTestTask.java:138) ~[junit-platform-engine-1.8.2.jar:1.8.2]
	at org.junit.platform.engine.support.hierarchical.NodeTestTask.execute(NodeTestTask.java:95) ~[junit-platform-engine-1.8.2.jar:1.8.2]
	at java.base/java.util.ArrayList.forEach(ArrayList.java:1541) ~[na:na]
	at org.junit.platform.engine.support.hierarchical.SameThreadHierarchicalTestExecutorService.invokeAll(SameThreadHierarchicalTestExecutorService.java:41) ~[junit-platform-engine-1.8.2.jar:1.8.2]
	at org.junit.platform.engine.support.hierarchical.NodeTestTask.lambda$executeRecursively$6(NodeTestTask.java:155) ~[junit-platform-engine-1.8.2.jar:1.8.2]
	at org.junit.platform.engine.support.hierarchical.ThrowableCollector.execute(ThrowableCollector.java:73) ~[junit-platform-engine-1.8.2.jar:1.8.2]
	at org.junit.platform.engine.support.hierarchical.NodeTestTask.lambda$executeRecursively$8(NodeTestTask.java:141) ~[junit-platform-engine-1.8.2.jar:1.8.2]
	at org.junit.platform.engine.support.hierarchical.Node.around(Node.java:137) ~[junit-platform-engine-1.8.2.jar:1.8.2]
	at org.junit.platform.engine.support.hierarchical.NodeTestTask.lambda$executeRecursively$9(NodeTestTask.java:139) ~[junit-platform-engine-1.8.2.jar:1.8.2]
	at org.junit.platform.engine.support.hierarchical.ThrowableCollector.execute(ThrowableCollector.java:73) ~[junit-platform-engine-1.8.2.jar:1.8.2]
	at org.junit.platform.engine.support.hierarchical.NodeTestTask.executeRecursively(NodeTestTask.java:138) ~[junit-platform-engine-1.8.2.jar:1.8.2]
	at org.junit.platform.engine.support.hierarchical.NodeTestTask.execute(NodeTestTask.java:95) ~[junit-platform-engine-1.8.2.jar:1.8.2]
	at org.junit.platform.engine.support.hierarchical.SameThreadHierarchicalTestExecutorService.submit(SameThreadHierarchicalTestExecutorService.java:35) ~[junit-platform-engine-1.8.2.jar:1.8.2]
	at org.junit.platform.engine.support.hierarchical.HierarchicalTestExecutor.execute(HierarchicalTestExecutor.java:57) ~[junit-platform-engine-1.8.2.jar:1.8.2]
	at org.junit.platform.engine.support.hierarchical.HierarchicalTestEngine.execute(HierarchicalTestEngine.java:54) ~[junit-platform-engine-1.8.2.jar:1.8.2]
	at org.junit.platform.launcher.core.EngineExecutionOrchestrator.execute(EngineExecutionOrchestrator.java:107) ~[junit-platform-launcher-1.8.2.jar:1.8.2]
	at org.junit.platform.launcher.core.EngineExecutionOrchestrator.execute(EngineExecutionOrchestrator.java:88) ~[junit-platform-launcher-1.8.2.jar:1.8.2]
	at org.junit.platform.suite.engine.SuiteLauncher.execute(SuiteLauncher.java:59) ~[junit-platform-suite-engine-1.8.2.jar:1.8.2]
	at org.junit.platform.suite.engine.SuiteTestDescriptor.execute(SuiteTestDescriptor.java:130) ~[junit-platform-suite-engine-1.8.2.jar:1.8.2]
	at org.junit.platform.suite.engine.SuiteTestEngine.lambda$execute$0(SuiteTestEngine.java:73) ~[junit-platform-suite-engine-1.8.2.jar:1.8.2]
	at java.base/java.util.stream.ForEachOps$ForEachOp$OfRef.accept(ForEachOps.java:183) ~[na:na]
	at java.base/java.util.stream.ReferencePipeline$3$1.accept(ReferencePipeline.java:195) ~[na:na]
	at java.base/java.util.Iterator.forEachRemaining(Iterator.java:133) ~[na:na]
	at java.base/java.util.Spliterators$IteratorSpliterator.forEachRemaining(Spliterators.java:1801) ~[na:na]
	at java.base/java.util.stream.AbstractPipeline.copyInto(AbstractPipeline.java:484) ~[na:na]
	at java.base/java.util.stream.AbstractPipeline.wrapAndCopyInto(AbstractPipeline.java:474) ~[na:na]
	at java.base/java.util.stream.ForEachOps$ForEachOp.evaluateSequential(ForEachOps.java:150) ~[na:na]
	at java.base/java.util.stream.ForEachOps$ForEachOp$OfRef.evaluateSequential(ForEachOps.java:173) ~[na:na]
	at java.base/java.util.stream.AbstractPipeline.evaluate(AbstractPipeline.java:234) ~[na:na]
	at java.base/java.util.stream.ReferencePipeline.forEach(ReferencePipeline.java:497) ~[na:na]
	at org.junit.platform.suite.engine.SuiteTestEngine.execute(SuiteTestEngine.java:73) ~[junit-platform-suite-engine-1.8.2.jar:1.8.2]
	at org.junit.platform.launcher.core.EngineExecutionOrchestrator.execute(EngineExecutionOrchestrator.java:107) ~[junit-platform-launcher-1.8.2.jar:1.8.2]
	at org.junit.platform.launcher.core.EngineExecutionOrchestrator.execute(EngineExecutionOrchestrator.java:88) ~[junit-platform-launcher-1.8.2.jar:1.8.2]
	at org.junit.platform.launcher.core.EngineExecutionOrchestrator.lambda$execute$0(EngineExecutionOrchestrator.java:54) ~[junit-platform-launcher-1.8.2.jar:1.8.2]
	at org.junit.platform.launcher.core.EngineExecutionOrchestrator.withInterceptedStreams(EngineExecutionOrchestrator.java:67) ~[junit-platform-launcher-1.8.2.jar:1.8.2]
	at org.junit.platform.launcher.core.EngineExecutionOrchestrator.execute(EngineExecutionOrchestrator.java:52) ~[junit-platform-launcher-1.8.2.jar:1.8.2]
	at org.junit.platform.launcher.core.DefaultLauncher.execute(DefaultLauncher.java:114) ~[junit-platform-launcher-1.8.2.jar:1.8.2]
	at org.junit.platform.launcher.core.DefaultLauncher.execute(DefaultLauncher.java:86) ~[junit-platform-launcher-1.8.2.jar:1.8.2]
	at org.junit.platform.launcher.core.DefaultLauncherSession$DelegatingLauncher.execute(DefaultLauncherSession.java:86) ~[junit-platform-launcher-1.8.2.jar:1.8.2]
	at org.junit.platform.launcher.core.SessionPerRequestLauncher.execute(SessionPerRequestLauncher.java:53) ~[junit-platform-launcher-1.8.2.jar:1.8.2]
	at org.apache.maven.surefire.junitplatform.JUnitPlatformProvider.invokeAllTests(JUnitPlatformProvider.java:150) ~[surefire-junit-platform-2.22.2.jar:2.22.2]
	at org.apache.maven.surefire.junitplatform.JUnitPlatformProvider.invoke(JUnitPlatformProvider.java:124) ~[surefire-junit-platform-2.22.2.jar:2.22.2]
	at org.apache.maven.surefire.booter.ForkedBooter.invokeProviderInSameClassLoader(ForkedBooter.java:384) ~[surefire-booter-2.22.2.jar:2.22.2]
	at org.apache.maven.surefire.booter.ForkedBooter.runSuitesInProcess(ForkedBooter.java:345) ~[surefire-booter-2.22.2.jar:2.22.2]
	at org.apache.maven.surefire.booter.ForkedBooter.execute(ForkedBooter.java:126) ~[surefire-booter-2.22.2.jar:2.22.2]
	at org.apache.maven.surefire.booter.ForkedBooter.main(ForkedBooter.java:418) ~[surefire-booter-2.22.2.jar:2.22.2]
Caused by: java.lang.NoClassDefFoundError: org/openqa/selenium/internal/Require
	at org.openqa.selenium.json.NumberCoercer.<init>(NumberCoercer.java:49) ~[selenium-json-4.1.2.jar:na]
	at org.openqa.selenium.json.JsonTypeCoercer.<init>(JsonTypeCoercer.java:71) ~[selenium-json-4.1.2.jar:na]
	at org.openqa.selenium.json.JsonTypeCoercer.<init>(JsonTypeCoercer.java:53) ~[selenium-json-4.1.2.jar:na]
	at org.openqa.selenium.json.Json.<init>(Json.java:37) ~[selenium-json-4.1.2.jar:na]
	at org.openqa.selenium.remote.NewSessionPayload.create(NewSessionPayload.java:100) ~[selenium-remote-driver-3.141.59.jar:na]
	at org.openqa.selenium.remote.NewSessionPayload.create(NewSessionPayload.java:94) ~[selenium-remote-driver-3.141.59.jar:na]
	at org.openqa.selenium.remote.ProtocolHandshake.createSession(ProtocolHandshake.java:68) ~[selenium-remote-driver-3.141.59.jar:na]
	at org.openqa.selenium.remote.HttpCommandExecutor.execute(HttpCommandExecutor.java:136) ~[selenium-remote-driver-3.141.59.jar:na]
	at org.openqa.selenium.remote.service.DriverCommandExecutor.execute(DriverCommandExecutor.java:83) ~[selenium-remote-driver-3.141.59.jar:na]
	at org.openqa.selenium.remote.RemoteWebDriver.execute(RemoteWebDriver.java:552) ~[selenium-remote-driver-3.141.59.jar:na]
	at org.openqa.selenium.remote.RemoteWebDriver.startSession(RemoteWebDriver.java:213) ~[selenium-remote-driver-3.141.59.jar:na]
	at org.openqa.selenium.remote.RemoteWebDriver.<init>(RemoteWebDriver.java:131) ~[selenium-remote-driver-3.141.59.jar:na]
	at org.openqa.selenium.firefox.FirefoxDriver.<init>(FirefoxDriver.java:147) ~[selenium-firefox-driver-3.141.59.jar:na]
	at org.openqa.selenium.firefox.FirefoxDriver.<init>(FirefoxDriver.java:125) ~[selenium-firefox-driver-3.141.59.jar:na]
	... 94 common frames omitted

2022-04-21 19:41:05.612  INFO 33148 --- [main] t.h.c.TrackerRestControllerITest         : Starting TrackerRestControllerITest using Java 11.0.14.1 on diogo-Legion with PID 33148 (started by diogo in /home/diogo/Desktop/TQS/HW1/api)
2022-04-21 19:41:05.613  INFO 33148 --- [main] t.h.c.TrackerRestControllerITest         : No active profile set, falling back to 1 default profile: "default"
2022-04-21 19:41:06.473  INFO 33148 --- [main] o.s.b.w.embedded.tomcat.TomcatWebServer  : Tomcat initialized with port(s): 0 (http)
2022-04-21 19:41:06.486  INFO 33148 --- [main] o.apache.catalina.core.StandardService   : Starting service [Tomcat]
2022-04-21 19:41:06.486  INFO 33148 --- [main] org.apache.catalina.core.StandardEngine  : Starting Servlet engine: [Apache Tomcat/9.0.60]
2022-04-21 19:41:06.590  INFO 33148 --- [main] o.a.c.c.C.[Tomcat].[localhost].[/]       : Initializing Spring embedded WebApplicationContext
2022-04-21 19:41:06.590  INFO 33148 --- [main] w.s.c.ServletWebServerApplicationContext : Root WebApplicationContext: initialization completed in 958 ms
2022-04-21 19:41:07.111  INFO 33148 --- [main] o.a.c.c.C.[Tomcat].[localhost].[/]       : Initializing Spring TestDispatcherServlet ''
2022-04-21 19:41:07.111  INFO 33148 --- [main] o.s.t.web.servlet.TestDispatcherServlet  : Initializing Servlet ''
2022-04-21 19:41:07.112  INFO 33148 --- [main] o.s.t.web.servlet.TestDispatcherServlet  : Completed initialization in 1 ms
2022-04-21 19:41:07.262  INFO 33148 --- [main] o.s.b.w.embedded.tomcat.TomcatWebServer  : Tomcat started on port(s): 42857 (http) with context path ''
2022-04-21 19:41:07.270  INFO 33148 --- [main] t.h.c.TrackerRestControllerITest         : Started TrackerRestControllerITest in 1.955 seconds (JVM running for 6.117)
2022-04-21 19:41:07.318  INFO 33148 --- [main] t.hw.covidtracker.TrackerRestController  : GET request for /cache_stats
2022-04-21 19:41:07.419  INFO 33148 --- [main] t.hw.covidtracker.TrackerRestController  : GET request for /incidence
2022-04-21 19:41:07.455  INFO 33148 --- [main] t.hw.covidtracker.TrackerRestController  : GET request for /incidence
2022-04-21 19:41:07.997  INFO 33148 --- [main] t.hw.covidtracker.TrackerRestController  : GET request for /incidence
2022-04-21 19:41:08.703  INFO 33148 --- [main] t.hw.covidtracker.TrackerRestController  : GET request for /incidence
2022-04-21 19:41:08.958  INFO 33148 --- [main] t.hw.covidtracker.TrackerRestController  : GET request for /incidence
2022-04-21 19:41:08.982  INFO 33148 --- [main] t.hw.covidtracker.TrackerRestController  : GET request for /incidence
2022-04-21 19:41:09.009  INFO 33148 --- [main] .b.t.c.SpringBootTestContextBootstrapper : Neither @ContextConfiguration nor @ContextHierarchy found for test class [tqs.hw.covidtracker.TrackerRestControllerTemplateITest], using SpringBootContextLoader
2022-04-21 19:41:09.012  INFO 33148 --- [main] o.s.t.c.support.AbstractContextLoader    : Could not detect default resource locations for test class [tqs.hw.covidtracker.TrackerRestControllerTemplateITest]: no resource found for suffixes {-context.xml, Context.groovy}.
2022-04-21 19:41:09.012  INFO 33148 --- [main] t.c.s.AnnotationConfigContextLoaderUtils : Could not detect default configuration classes for test class [tqs.hw.covidtracker.TrackerRestControllerTemplateITest]: TrackerRestControllerTemplateITest does not declare any static, non-private, non-final, nested classes annotated with @Configuration.
2022-04-21 19:41:09.016  INFO 33148 --- [main] .b.t.c.SpringBootTestContextBootstrapper : Found @SpringBootConfiguration tqs.hw.covidtracker.CovidTrackerApplication for test class tqs.hw.covidtracker.TrackerRestControllerTemplateITest
2022-04-21 19:41:09.021  INFO 33148 --- [main] .b.t.c.SpringBootTestContextBootstrapper : Loaded default TestExecutionListener class names from location [META-INF/spring.factories]: [org.springframework.boot.test.mock.mockito.MockitoTestExecutionListener, org.springframework.boot.test.mock.mockito.ResetMocksTestExecutionListener, org.springframework.boot.test.autoconfigure.restdocs.RestDocsTestExecutionListener, org.springframework.boot.test.autoconfigure.web.client.MockRestServiceServerResetTestExecutionListener, org.springframework.boot.test.autoconfigure.web.servlet.MockMvcPrintOnlyOnFailureTestExecutionListener, org.springframework.boot.test.autoconfigure.web.servlet.WebDriverTestExecutionListener, org.springframework.boot.test.autoconfigure.webservices.client.MockWebServiceServerTestExecutionListener, org.springframework.test.context.web.ServletTestExecutionListener, org.springframework.test.context.support.DirtiesContextBeforeModesTestExecutionListener, org.springframework.test.context.event.ApplicationEventsTestExecutionListener, org.springframework.test.context.support.DependencyInjectionTestExecutionListener, org.springframework.test.context.support.DirtiesContextTestExecutionListener, org.springframework.test.context.transaction.TransactionalTestExecutionListener, org.springframework.test.context.jdbc.SqlScriptsTestExecutionListener, org.springframework.test.context.event.EventPublishingTestExecutionListener]
2022-04-21 19:41:09.025  INFO 33148 --- [main] .b.t.c.SpringBootTestContextBootstrapper : Using TestExecutionListeners: [org.springframework.test.context.web.ServletTestExecutionListener@940bdd7, org.springframework.test.context.support.DirtiesContextBeforeModesTestExecutionListener@24386857, org.springframework.test.context.event.ApplicationEventsTestExecutionListener@49797270, org.springframework.boot.test.mock.mockito.MockitoTestExecutionListener@62072869, org.springframework.boot.test.autoconfigure.SpringBootDependencyInjectionTestExecutionListener@6ea58ffb, org.springframework.test.context.support.DirtiesContextTestExecutionListener@9b828a8, org.springframework.test.context.event.EventPublishingTestExecutionListener@bd0311d, org.springframework.boot.test.mock.mockito.ResetMocksTestExecutionListener@50cf046e, org.springframework.boot.test.autoconfigure.restdocs.RestDocsTestExecutionListener@125793db, org.springframework.boot.test.autoconfigure.web.client.MockRestServiceServerResetTestExecutionListener@5a621451, org.springframework.boot.test.autoconfigure.web.servlet.MockMvcPrintOnlyOnFailureTestExecutionListener@50309ed9, org.springframework.boot.test.autoconfigure.web.servlet.WebDriverTestExecutionListener@78740cc5, org.springframework.boot.test.autoconfigure.webservices.client.MockWebServiceServerTestExecutionListener@5693915b]
2022-04-21 19:41:09.072  INFO 33148 --- [main] t.h.c.TrackerRestControllerTemplateITest : Starting TrackerRestControllerTemplateITest using Java 11.0.14.1 on diogo-Legion with PID 33148 (started by diogo in /home/diogo/Desktop/TQS/HW1/api)
2022-04-21 19:41:09.073  INFO 33148 --- [main] t.h.c.TrackerRestControllerTemplateITest : No active profile set, falling back to 1 default profile: "default"
2022-04-21 19:41:09.239  INFO 33148 --- [main] o.s.b.w.embedded.tomcat.TomcatWebServer  : Tomcat initialized with port(s): 0 (http)
2022-04-21 19:41:09.240  INFO 33148 --- [main] o.apache.catalina.core.StandardService   : Starting service [Tomcat]
2022-04-21 19:41:09.240  INFO 33148 --- [main] org.apache.catalina.core.StandardEngine  : Starting Servlet engine: [Apache Tomcat/9.0.60]
2022-04-21 19:41:09.252  INFO 33148 --- [main] o.a.c.c.C.[Tomcat-1].[localhost].[/]     : Initializing Spring embedded WebApplicationContext
2022-04-21 19:41:09.253  INFO 33148 --- [main] w.s.c.ServletWebServerApplicationContext : Root WebApplicationContext: initialization completed in 177 ms
2022-04-21 19:41:09.447  INFO 33148 --- [main] o.s.b.w.embedded.tomcat.TomcatWebServer  : Tomcat started on port(s): 39283 (http) with context path ''
2022-04-21 19:41:09.449  INFO 33148 --- [main] t.h.c.TrackerRestControllerTemplateITest : Started TrackerRestControllerTemplateITest in 0.418 seconds (JVM running for 8.297)
2022-04-21 19:41:09.639  INFO 33148 --- [http-nio-auto-2-exec-1] o.a.c.c.C.[Tomcat-1].[localhost].[/]     : Initializing Spring DispatcherServlet 'dispatcherServlet'
2022-04-21 19:41:09.640  INFO 33148 --- [http-nio-auto-2-exec-1] o.s.web.servlet.DispatcherServlet        : Initializing Servlet 'dispatcherServlet'
2022-04-21 19:41:09.641  INFO 33148 --- [http-nio-auto-2-exec-1] o.s.web.servlet.DispatcherServlet        : Completed initialization in 0 ms
2022-04-21 19:41:09.649  INFO 33148 --- [http-nio-auto-2-exec-1] t.hw.covidtracker.TrackerRestController  : GET request for /incidence
2022-04-21 19:41:09.893  INFO 33148 --- [http-nio-auto-2-exec-2] t.hw.covidtracker.TrackerRestController  : GET request for /incidence
2022-04-21 19:41:10.573  INFO 33148 --- [http-nio-auto-2-exec-3] t.hw.covidtracker.TrackerRestController  : GET request for /incidence
2022-04-21 19:41:10.811  INFO 33148 --- [http-nio-auto-2-exec-4] t.hw.covidtracker.TrackerRestController  : GET request for /cache_stats
2022-04-21 19:41:10.867  INFO 33148 --- [http-nio-auto-2-exec-5] t.hw.covidtracker.TrackerRestController  : GET request for /incidence
2022-04-21 19:41:10.890  INFO 33148 --- [http-nio-auto-2-exec-6] t.hw.covidtracker.TrackerRestController  : GET request for /incidence
2022-04-21 19:41:11.108  INFO 33148 --- [http-nio-auto-2-exec-7] t.hw.covidtracker.TrackerRestController  : GET request for /incidence
2022-04-21 19:41:12.038  INFO 33148 --- [http-nio-auto-2-exec-8] t.hw.covidtracker.TrackerRestController  : GET request for /incidence
2022-04-21 19:41:12.307  INFO 33148 --- [http-nio-auto-2-exec-9] t.hw.covidtracker.TrackerRestController  : GET request for /incidence
2022-04-21 19:41:12.328  INFO 33148 --- [http-nio-auto-2-exec-10] t.hw.covidtracker.TrackerRestController  : GET request for /incidence
2022-04-21 19:41:12.579  WARN 33148 --- [main] i.g.bonigarcia.wdm.WebDriverManager      : WebDriver object(s) not available
2022-04-21 19:41:12.599  WARN 33148 --- [main] i.g.bonigarcia.wdm.WebDriverManager      : WebDriver object(s) not available
2022-04-21 19:41:12.604  WARN 33148 --- [main] i.g.bonigarcia.wdm.WebDriverManager      : WebDriver object(s) not available
2022-04-21 19:41:12.609  WARN 33148 --- [main] i.g.bonigarcia.wdm.WebDriverManager      : WebDriver object(s) not available
2022-04-21 19:41:12.615  WARN 33148 --- [main] i.g.bonigarcia.wdm.WebDriverManager      : WebDriver object(s) not available
